{
  message: 'Server on 4000 running. NodeENV: production  ',
  level: 'info',
  timestamp: '2024-10-28 07:59:12.046 AM'
}
{
  message: 'Server on 4000 running. NodeENV: production  ',
  level: 'info',
  timestamp: '2024-10-28 08:42:33.098 AM'
}
{
  message: 'Server on 4000 running. NodeENV: production  ',
  level: 'info',
  timestamp: '2024-10-28 09:24:15.808 AM'
}
{
  message: 'Server on 4000 running. NodeENV: production  ',
  level: 'info',
  timestamp: '2024-10-28 09:27:19.259 AM'
}
{
  message: 'Server on 4000 running. NodeENV: production  ',
  level: 'info',
  timestamp: '2024-10-28 09:28:41.210 AM'
}
{
  message: 'Server on 4000 running. NodeENV: production  ',
  level: 'info',
  timestamp: '2024-10-28 09:28:50.699 AM'
}
{
  message: 'Server on 4000 running. NodeENV: production  ',
  level: 'info',
  timestamp: '2024-10-28 09:39:27.936 AM'
}
{
  message: 'Server on 4000 running. NodeENV: production  ',
  level: 'info',
  timestamp: '2024-10-28 09:39:42.028 AM'
}
{
  message: 'Server on 4000 running. NodeENV: production  ',
  level: 'info',
  timestamp: '2024-10-28 09:43:01.876 AM'
}
{
  message: 'Server on 4000 running. NodeENV: production  ',
  level: 'info',
  timestamp: '2024-10-28 09:43:08.105 AM'
}
{
  message: 'Server on 4000 running. NodeENV: production  ',
  level: 'info',
  timestamp: '2024-10-28 09:43:13.614 AM'
}
{
  message: 'Server on 4000 running. NodeENV: production  ',
  level: 'info',
  timestamp: '2024-10-28 09:43:19.647 AM'
}
{
  message: 'Server on 4000 running. NodeENV: production  ',
  level: 'info',
  timestamp: '2024-10-28 09:43:26.428 AM'
}
{
  message: 'Server on 4000 running. NodeENV: production  ',
  level: 'info',
  timestamp: '2024-10-28 09:43:40.332 AM'
}
{
  message: 'Server on 4000 running. NodeENV: production  ',
  level: 'info',
  timestamp: '2024-10-28 09:43:47.929 AM'
}
{
  message: 'Server on 4000 running. NodeENV: production  ',
  level: 'info',
  timestamp: '2024-10-28 09:50:53.363 AM'
}
{
  message: 'Server on 4000 running. NodeENV: production  ',
  level: 'info',
  timestamp: '2024-10-28 09:50:59.012 AM'
}
{
  message: 'Server on 4000 running. NodeENV: production  ',
  level: 'info',
  timestamp: '2024-10-28 09:51:03.811 AM'
}
{
  message: 'Server on 4000 running. NodeENV: production  ',
  level: 'info',
  timestamp: '2024-10-28 09:51:11.349 AM'
}
{
  message: 'Server on 4000 running. NodeENV: production  ',
  level: 'info',
  timestamp: '2024-10-28 09:51:33.799 AM'
}
{
  message: 'Server on 4000 running. NodeENV: production  ',
  level: 'info',
  timestamp: '2024-10-28 09:51:48.024 AM'
}
{
  message: 'Server on 4000 running. NodeENV: production  ',
  level: 'info',
  timestamp: '2024-10-28 09:51:51.914 AM'
}
{
  message: 'Server on 4000 running. NodeENV: production  ',
  level: 'info',
  timestamp: '2024-10-28 09:52:02.760 AM'
}
{
  message: 'Server on 4000 running. NodeENV: production  ',
  level: 'info',
  timestamp: '2024-10-28 09:53:35.203 AM'
}
{
  message: 'Server on 4000 running. NodeENV: production  ',
  level: 'info',
  timestamp: '2024-10-28 09:53:45.632 AM'
}
{
  message: 'Server on 4000 running. NodeENV: production  ',
  level: 'info',
  timestamp: '2024-10-28 09:54:04.575 AM'
}
{
  message: 'Server on 4000 running. NodeENV: production  ',
  level: 'info',
  timestamp: '2024-10-28 09:54:25.679 AM'
}
{
  message: 'Server on 4000 running. NodeENV: production  ',
  level: 'info',
  timestamp: '2024-10-28 09:54:40.762 AM'
}
{
  message: 'Server on 4000 running. NodeENV: production  ',
  level: 'info',
  timestamp: '2024-10-28 09:54:52.528 AM'
}
{
  message: 'Server on 4000 running. NodeENV: production  ',
  level: 'info',
  timestamp: '2024-10-28 09:54:56.687 AM'
}
{
  message: 'Server on 4000 running. NodeENV: production  ',
  level: 'info',
  timestamp: '2024-10-28 09:55:27.574 AM'
}
{
  message: 'Server on 4000 running. NodeENV: production  ',
  level: 'info',
  timestamp: '2024-10-28 09:55:34.546 AM'
}
{
  message: 'Server on 4000 running. NodeENV: production  ',
  level: 'info',
  timestamp: '2024-10-28 09:55:43.049 AM'
}
{
  message: 'Server on 4000 running. NodeENV: production  ',
  level: 'info',
  timestamp: '2024-10-28 09:56:13.433 AM'
}
{
  message: 'Server on 4000 running. NodeENV: production  ',
  level: 'info',
  timestamp: '2024-10-28 10:00:08.032 AM'
}
{
  message: 'Server on 4000 running. NodeENV: production  ',
  level: 'info',
  timestamp: '2024-10-28 10:00:29.022 AM'
}
{
  message: 'Server on 4000 running. NodeENV: production  ',
  level: 'info',
  timestamp: '2024-10-28 10:01:00.034 AM'
}
{
  message: 'Server on 4000 running. NodeENV: production  ',
  level: 'info',
  timestamp: '2024-10-28 10:01:11.512 AM'
}
{
  message: 'Server on 4000 running. NodeENV: production  ',
  level: 'info',
  timestamp: '2024-10-28 10:01:20.094 AM'
}
{
  message: 'Server on 4000 running. NodeENV: production  ',
  level: 'info',
  timestamp: '2024-10-28 11:04:09.988 AM'
}
{
  message: 'Server on 4000 running. NodeENV: production  ',
  level: 'info',
  timestamp: '2024-10-28 11:10:57.601 AM'
}
{
  message: 'Server on 4000 running. NodeENV: production  ',
  level: 'info',
  timestamp: '2024-10-28 11:11:05.366 AM'
}
{
  message: 'Server on 4000 running. NodeENV: production  ',
  level: 'info',
  timestamp: '2024-10-28 11:20:19.390 AM'
}
{
  message: 'Server on 4000 running. NodeENV: production  ',
  level: 'info',
  timestamp: '2024-10-28 11:22:02.779 AM'
}
{
  error: {
    message: "Transformation Invalid 'quality' param: 'economy'.",
    name: 'Error',
    http_code: 400
  },
  level: 'error',
  message: "unhandledRejection: Transformation Invalid 'quality' param: 'economy'.\n" +
    '  No stack trace',
  stack: undefined,
  rejection: true,
  date: 'Mon Oct 28 2024 11:22:05 GMT+0200 (Восточная Европа, стандартное время)',
  process: {
    pid: 39272,
    uid: null,
    gid: null,
    cwd: 'D:\\Projects\\chat-app',
    execPath: 'C:\\Program Files\\nodejs\\node.exe',
    version: 'v20.12.2',
    argv: [
      'D:\\Projects\\chat-app\\node_modules\\ts-node\\dist\\bin.js',
      'D:\\Projects\\chat-app\\backend\\app.ts'
    ],
    memoryUsage: {
      rss: 416292864,
      heapTotal: 363499520,
      heapUsed: 340110720,
      external: 27951883,
      arrayBuffers: 23843495
    }
  },
  os: { loadavg: [ 0, 0, 0 ], uptime: 1365139.187 },
  trace: [],
  timestamp: '2024-10-28 11:22:05.256 AM'
}
{
  message: 'Server on 4000 running. NodeENV: production  ',
  level: 'info',
  timestamp: '2024-10-28 11:22:17.076 AM'
}
{
  message: 'Server on 4000 running. NodeENV: production  ',
  level: 'info',
  timestamp: '2024-10-28 11:22:38.881 AM'
}
{
  error: {
    message: "Transformation Invalid 'quality' param: 'economy'.",
    name: 'Error',
    http_code: 400
  },
  level: 'error',
  message: "unhandledRejection: Transformation Invalid 'quality' param: 'economy'.\n" +
    '  No stack trace',
  stack: undefined,
  rejection: true,
  date: 'Mon Oct 28 2024 11:22:50 GMT+0200 (Восточная Европа, стандартное время)',
  process: {
    pid: 77260,
    uid: null,
    gid: null,
    cwd: 'D:\\Projects\\chat-app',
    execPath: 'C:\\Program Files\\nodejs\\node.exe',
    version: 'v20.12.2',
    argv: [
      'D:\\Projects\\chat-app\\node_modules\\ts-node\\dist\\bin.js',
      'D:\\Projects\\chat-app\\backend\\app.ts'
    ],
    memoryUsage: {
      rss: 370094080,
      heapTotal: 313929728,
      heapUsed: 304008040,
      external: 27516887,
      arrayBuffers: 23413244
    }
  },
  os: { loadavg: [ 0, 0, 0 ], uptime: 1365184.296 },
  trace: [],
  timestamp: '2024-10-28 11:22:50.358 AM'
}
{
  message: 'Server on 4000 running. NodeENV: production  ',
  level: 'info',
  timestamp: '2024-10-28 11:24:59.014 AM'
}
{
  error: {
    message: 'Transformation invalid quality in transformation: economy',
    name: 'Error',
    http_code: 400
  },
  level: 'error',
  message: 'unhandledRejection: Transformation invalid quality in transformation: economy\n' +
    '  No stack trace',
  stack: undefined,
  rejection: true,
  date: 'Mon Oct 28 2024 11:25:00 GMT+0200 (Восточная Европа, стандартное время)',
  process: {
    pid: 94016,
    uid: null,
    gid: null,
    cwd: 'D:\\Projects\\chat-app',
    execPath: 'C:\\Program Files\\nodejs\\node.exe',
    version: 'v20.12.2',
    argv: [
      'D:\\Projects\\chat-app\\node_modules\\ts-node\\dist\\bin.js',
      'D:\\Projects\\chat-app\\backend\\app.ts'
    ],
    memoryUsage: {
      rss: 414662656,
      heapTotal: 362262528,
      heapUsed: 329103400,
      external: 27290764,
      arrayBuffers: 23182376
    }
  },
  os: { loadavg: [ 0, 0, 0 ], uptime: 1365313.953 },
  trace: [],
  timestamp: '2024-10-28 11:25:00.022 AM'
}
{
  message: 'Server on 4000 running. NodeENV: production  ',
  level: 'info',
  timestamp: '2024-10-28 11:26:16.179 AM'
}
{
  message: 'Server on 4000 running. NodeENV: production  ',
  level: 'info',
  timestamp: '2024-10-28 11:27:13.497 AM'
}
{
  message: 'Server on 4000 running. NodeENV: production  ',
  level: 'info',
  timestamp: '2024-10-28 11:31:04.811 AM'
}
{
  message: 'Server on 4000 running. NodeENV: production  ',
  level: 'info',
  timestamp: '2024-10-28 11:33:19.140 AM'
}
{
  message: 'Server on 4000 running. NodeENV: production  ',
  level: 'info',
  timestamp: '2024-10-28 11:36:13.963 AM'
}
{
  message: 'Server on 4000 running. NodeENV: production  ',
  level: 'info',
  timestamp: '2024-10-28 11:37:06.472 AM'
}
{
  message: 'Server on 4000 running. NodeENV: production  ',
  level: 'info',
  timestamp: '2024-10-28 11:37:18.065 AM'
}
{
  error: Error: Cannot set headers after they are sent to the client
      at ServerResponse.setHeader (node:_http_outgoing:659:11)
      at ServerResponse.header (D:\Projects\chat-app\node_modules\express\lib\response.js:794:10)
      at ServerResponse.send (D:\Projects\chat-app\node_modules\express\lib\response.js:174:12)
      at ServerResponse.json (D:\Projects\chat-app\node_modules\express\lib\response.js:278:15)
      at sendMessage (D:\Projects\chat-app\backend\controllers\messages\sendMessageChatController.ts:64:25)
      at processTicksAndRejections (node:internal/process/task_queues:95:5) {
    code: 'ERR_HTTP_HEADERS_SENT'
  },
  level: 'error',
  message: 'unhandledRejection: Cannot set headers after they are sent to the client\n' +
    'Error: Cannot set headers after they are sent to the client\n' +
    '    at ServerResponse.setHeader (node:_http_outgoing:659:11)\n' +
    '    at ServerResponse.header (D:\\Projects\\chat-app\\node_modules\\express\\lib\\response.js:794:10)\n' +
    '    at ServerResponse.send (D:\\Projects\\chat-app\\node_modules\\express\\lib\\response.js:174:12)\n' +
    '    at ServerResponse.json (D:\\Projects\\chat-app\\node_modules\\express\\lib\\response.js:278:15)\n' +
    '    at sendMessage (D:\\Projects\\chat-app\\backend\\controllers\\messages\\sendMessageChatController.ts:64:25)\n' +
    '    at processTicksAndRejections (node:internal/process/task_queues:95:5)',
  stack: 'Error: Cannot set headers after they are sent to the client\n' +
    '    at ServerResponse.setHeader (node:_http_outgoing:659:11)\n' +
    '    at ServerResponse.header (D:\\Projects\\chat-app\\node_modules\\express\\lib\\response.js:794:10)\n' +
    '    at ServerResponse.send (D:\\Projects\\chat-app\\node_modules\\express\\lib\\response.js:174:12)\n' +
    '    at ServerResponse.json (D:\\Projects\\chat-app\\node_modules\\express\\lib\\response.js:278:15)\n' +
    '    at sendMessage (D:\\Projects\\chat-app\\backend\\controllers\\messages\\sendMessageChatController.ts:64:25)\n' +
    '    at processTicksAndRejections (node:internal/process/task_queues:95:5)',
  rejection: true,
  date: 'Mon Oct 28 2024 11:37:57 GMT+0200 (Восточная Европа, стандартное время)',
  process: {
    pid: 101444,
    uid: null,
    gid: null,
    cwd: 'D:\\Projects\\chat-app',
    execPath: 'C:\\Program Files\\nodejs\\node.exe',
    version: 'v20.12.2',
    argv: [
      'D:\\Projects\\chat-app\\node_modules\\ts-node\\dist\\bin.js',
      'D:\\Projects\\chat-app\\backend\\app.ts'
    ],
    memoryUsage: {
      rss: 388222976,
      heapTotal: 333516800,
      heapUsed: 313705016,
      external: 28540881,
      arrayBuffers: 24437238
    }
  },
  os: { loadavg: [ 0, 0, 0 ], uptime: 1366091.125 },
  trace: [
    {
      column: 11,
      file: 'node:_http_outgoing',
      function: 'ServerResponse.setHeader',
      line: 659,
      method: 'setHeader',
      native: false
    },
    {
      column: 10,
      file: 'D:\\Projects\\chat-app\\node_modules\\express\\lib\\response.js',
      function: 'ServerResponse.header',
      line: 794,
      method: 'header',
      native: false
    },
    {
      column: 12,
      file: 'D:\\Projects\\chat-app\\node_modules\\express\\lib\\response.js',
      function: 'ServerResponse.send',
      line: 174,
      method: 'send',
      native: false
    },
    {
      column: 15,
      file: 'D:\\Projects\\chat-app\\node_modules\\express\\lib\\response.js',
      function: 'ServerResponse.json',
      line: 278,
      method: 'json',
      native: false
    },
    {
      column: 25,
      file: 'D:\\Projects\\chat-app\\backend\\controllers\\messages\\sendMessageChatController.ts',
      function: 'sendMessage',
      line: 64,
      method: null,
      native: false
    },
    {
      column: 5,
      file: 'node:internal/process/task_queues',
      function: 'processTicksAndRejections',
      line: 95,
      method: null,
      native: false
    }
  ],
  timestamp: '2024-10-28 11:37:57.183 AM'
}
{
  message: 'Server on 4000 running. NodeENV: production  ',
  level: 'info',
  timestamp: '2024-10-28 11:38:37.537 AM'
}
{
  message: 'Server on 4000 running. NodeENV: production  ',
  level: 'info',
  timestamp: '2024-10-28 12:09:06.257 PM'
}
{
  message: 'Server on 4000 running. NodeENV: production  ',
  level: 'info',
  timestamp: '2024-10-28 03:13:10.574 PM'
}
{
  message: 'Server on 4000 running. NodeENV: production  ',
  level: 'info',
  timestamp: '2024-10-28 03:16:22.237 PM'
}
{
  message: 'Server on 4000 running. NodeENV: production  ',
  level: 'info',
  timestamp: '2024-10-28 03:17:27.012 PM'
}
{
  message: 'Server on 4000 running. NodeENV: production  ',
  level: 'info',
  timestamp: '2024-10-28 03:18:07.086 PM'
}
{
  message: 'Server on 4000 running. NodeENV: production  ',
  level: 'info',
  timestamp: '2024-10-28 03:43:16.528 PM'
}
{
  message: 'Server on 4000 running. NodeENV: production  ',
  level: 'info',
  timestamp: '2024-10-28 03:48:46.726 PM'
}
{
  message: 'Server on 4000 running. NodeENV: production  ',
  level: 'info',
  timestamp: '2024-10-28 03:51:19.459 PM'
}
{
  message: 'Server on 4000 running. NodeENV: production  ',
  level: 'info',
  timestamp: '2024-10-28 04:14:39.817 PM'
}
{
  message: 'Server on 4000 running. NodeENV: production  ',
  level: 'info',
  timestamp: '2024-10-28 04:14:48.421 PM'
}
{
  message: 'Server on 4000 running. NodeENV: production  ',
  level: 'info',
  timestamp: '2024-10-28 04:55:46.764 PM'
}
{
  message: 'Server on 4000 running. NodeENV: production  ',
  level: 'info',
  timestamp: '2024-10-28 04:57:40.585 PM'
}
{
  message: 'Server on 4000 running. NodeENV: production  ',
  level: 'info',
  timestamp: '2024-10-28 05:00:50.872 PM'
}
{
  message: 'Server on 4000 running. NodeENV: production  ',
  level: 'info',
  timestamp: '2024-10-28 05:01:10.431 PM'
}
