{
  message: 'Server on 4000 running. NodeENV: development  ',
  level: 'info',
  timestamp: '2024-10-04 08:23:18.106 AM'
}
{
  level: 'info',
  message: 'user connected',
  timestamp: '2024-10-04 08:45:48.940 AM'
}
{
  message: 'Server on 4000 running. NodeENV: development  ',
  level: 'info',
  timestamp: '2024-10-04 08:50:17.882 AM'
}
{
  level: 'info',
  message: 'user connected',
  timestamp: '2024-10-04 08:50:17.917 AM'
}
{
  level: 'info',
  message: 'user connected',
  timestamp: '2024-10-04 08:50:18.970 AM'
}
{
  message: 'Server on 4000 running. NodeENV: development  ',
  level: 'info',
  timestamp: '2024-10-04 08:51:35.037 AM'
}
{
  level: 'info',
  message: 'user connected',
  timestamp: '2024-10-04 08:51:36.331 AM'
}
{
  level: 'info',
  message: 'user connected',
  timestamp: '2024-10-04 08:55:21.232 AM'
}
{
  message: 'Server on 4000 running. NodeENV: development  ',
  level: 'info',
  timestamp: '2024-10-04 08:59:59.154 AM'
}
{
  level: 'info',
  message: 'user connected',
  timestamp: '2024-10-04 08:59:59.180 AM'
}
{
  level: 'info',
  message: 'user connected',
  timestamp: '2024-10-04 09:03:01.740 AM'
}
{
  level: 'info',
  message: 'user connected',
  timestamp: '2024-10-04 09:03:46.977 AM'
}
{
  level: 'info',
  message: 'user connected',
  timestamp: '2024-10-04 09:03:49.732 AM'
}
{
  level: 'info',
  message: 'user connected',
  timestamp: '2024-10-04 09:04:05.366 AM'
}
{
  level: 'info',
  message: 'user connected',
  timestamp: '2024-10-04 09:04:52.868 AM'
}
{
  level: 'info',
  message: 'user connected',
  timestamp: '2024-10-04 09:04:57.557 AM'
}
{
  level: 'info',
  message: 'user connected',
  timestamp: '2024-10-04 09:06:10.840 AM'
}
{
  level: 'info',
  message: 'user connected',
  timestamp: '2024-10-04 09:06:24.535 AM'
}
{
  level: 'info',
  message: 'user connected',
  timestamp: '2024-10-04 09:06:29.120 AM'
}
{
  level: 'info',
  message: 'user connected',
  timestamp: '2024-10-04 09:06:32.930 AM'
}
{
  level: 'info',
  message: 'user connected',
  timestamp: '2024-10-04 09:10:04.117 AM'
}
{
  level: 'info',
  message: 'user connected',
  timestamp: '2024-10-04 09:10:06.704 AM'
}
{
  level: 'info',
  message: 'user connected',
  timestamp: '2024-10-04 09:10:11.629 AM'
}
{
  level: 'info',
  message: 'user connected',
  timestamp: '2024-10-04 09:10:13.270 AM'
}
{
  level: 'info',
  message: 'user connected',
  timestamp: '2024-10-04 09:10:17.572 AM'
}
{
  level: 'info',
  message: 'user connected',
  timestamp: '2024-10-04 09:10:18.653 AM'
}
{
  level: 'info',
  message: 'user connected',
  timestamp: '2024-10-04 09:10:22.599 AM'
}
{
  level: 'info',
  message: 'user connected',
  timestamp: '2024-10-04 09:10:29.056 AM'
}
{
  level: 'info',
  message: 'user connected',
  timestamp: '2024-10-04 09:10:31.001 AM'
}
{
  level: 'info',
  message: 'user connected',
  timestamp: '2024-10-04 09:10:35.703 AM'
}
{
  level: 'info',
  message: 'user connected',
  timestamp: '2024-10-04 09:10:44.756 AM'
}
{
  level: 'info',
  message: 'user connected',
  timestamp: '2024-10-04 09:10:54.903 AM'
}
{
  level: 'info',
  message: 'user connected',
  timestamp: '2024-10-04 09:11:13.398 AM'
}
{
  level: 'info',
  message: 'user connected',
  timestamp: '2024-10-04 09:11:13.975 AM'
}
{
  message: 'Server on 4000 running. NodeENV: development  ',
  level: 'info',
  timestamp: '2024-10-04 09:14:04.555 AM'
}
{
  message: 'Server on 4000 running. NodeENV: development  ',
  level: 'info',
  timestamp: '2024-10-04 09:16:09.866 AM'
}
{
  message: 'Server on 4000 running. NodeENV: development  ',
  level: 'info',
  timestamp: '2024-10-04 09:16:18.504 AM'
}
{
  message: 'Server on 4000 running. NodeENV: development  ',
  level: 'info',
  timestamp: '2024-10-04 09:16:53.719 AM'
}
{
  message: 'Server on 4000 running. NodeENV: development  ',
  level: 'info',
  timestamp: '2024-10-04 09:17:12.720 AM'
}
{
  message: 'Server on 4000 running. NodeENV: development  ',
  level: 'info',
  timestamp: '2024-10-04 09:45:25.936 AM'
}
{
  message: 'Server on 4000 running. NodeENV: development  ',
  level: 'info',
  timestamp: '2024-10-04 10:00:56.350 AM'
}
{
  message: 'Server on 4000 running. NodeENV: development  ',
  level: 'info',
  timestamp: '2024-10-04 10:01:24.525 AM'
}
{
  message: 'Server on 4000 running. NodeENV: development  ',
  level: 'info',
  timestamp: '2024-10-04 10:15:37.730 AM'
}
{
  message: 'Server on 4000 running. NodeENV: development  ',
  level: 'info',
  timestamp: '2024-10-04 10:15:44.724 AM'
}
{
  message: 'Server on 4000 running. NodeENV: development  ',
  level: 'info',
  timestamp: '2024-10-04 10:16:16.989 AM'
}
{
  message: 'Server on 4000 running. NodeENV: development  ',
  level: 'info',
  timestamp: '2024-10-04 10:16:53.002 AM'
}
{
  message: 'Server on 4000 running. NodeENV: development  ',
  level: 'info',
  timestamp: '2024-10-04 10:25:30.355 AM'
}
{
  message: 'Server on 4000 running. NodeENV: development  ',
  level: 'info',
  timestamp: '2024-10-04 10:26:01.529 AM'
}
{
  message: 'Server on 4000 running. NodeENV: development  ',
  level: 'info',
  timestamp: '2024-10-04 10:29:20.699 AM'
}
{
  message: 'Server on 4000 running. NodeENV: development  ',
  level: 'info',
  timestamp: '2024-10-04 10:52:02.569 AM'
}
{
  message: 'Server on 4000 running. NodeENV: development  ',
  level: 'info',
  timestamp: '2024-10-04 11:04:53.147 AM'
}
