{
  message: 'Server on 4000 running. NodeENV: development  ',
  level: 'info',
  timestamp: '2024-10-11 11:09:50.423 AM'
}
{
  message: 'Server on 4000 running. NodeENV: development  ',
  level: 'info',
  timestamp: '2024-10-11 11:14:08.968 AM'
}
{
  message: 'Server on 4000 running. NodeENV: development  ',
  level: 'info',
  timestamp: '2024-10-11 11:14:19.173 AM'
}
{
  message: 'Server on 4000 running. NodeENV: development  ',
  level: 'info',
  timestamp: '2024-10-11 12:23:45.977 PM'
}
{
  error: MongooseError: Operation `chats.find()` buffering timed out after 10000ms
      at Timeout.<anonymous> (D:\Projects\chat-app\node_modules\mongoose\lib\drivers\node-mongodb-native\collection.js:185:23)
      at listOnTimeout (node:internal/timers:573:17)
      at processTimers (node:internal/timers:514:7),
  level: 'error',
  message: 'unhandledRejection: Operation `chats.find()` buffering timed out after 10000ms\n' +
    'MongooseError: Operation `chats.find()` buffering timed out after 10000ms\n' +
    '    at Timeout.<anonymous> (D:\\Projects\\chat-app\\node_modules\\mongoose\\lib\\drivers\\node-mongodb-native\\collection.js:185:23)\n' +
    '    at listOnTimeout (node:internal/timers:573:17)\n' +
    '    at processTimers (node:internal/timers:514:7)',
  stack: 'MongooseError: Operation `chats.find()` buffering timed out after 10000ms\n' +
    '    at Timeout.<anonymous> (D:\\Projects\\chat-app\\node_modules\\mongoose\\lib\\drivers\\node-mongodb-native\\collection.js:185:23)\n' +
    '    at listOnTimeout (node:internal/timers:573:17)\n' +
    '    at processTimers (node:internal/timers:514:7)',
  rejection: true,
  date: 'Fri Oct 11 2024 12:23:56 GMT+0300 (Восточная Европа, летнее время)',
  process: {
    pid: 60428,
    uid: null,
    gid: null,
    cwd: 'D:\\Projects\\chat-app',
    execPath: 'C:\\Program Files\\nodejs\\node.exe',
    version: 'v20.12.2',
    argv: [
      'D:\\Projects\\chat-app\\node_modules\\ts-node\\dist\\bin.js',
      'D:\\Projects\\chat-app\\backend\\app.ts'
    ],
    memoryUsage: {
      rss: 400953344,
      heapTotal: 351092736,
      heapUsed: 323045928,
      external: 28415900,
      arrayBuffers: 24307532
    }
  },
  os: { loadavg: [ 0, 0, 0 ], uptime: 155381.796 },
  trace: [
    {
      column: 23,
      file: 'D:\\Projects\\chat-app\\node_modules\\mongoose\\lib\\drivers\\node-mongodb-native\\collection.js',
      function: null,
      line: 185,
      method: null,
      native: false
    },
    {
      column: 17,
      file: 'node:internal/timers',
      function: 'listOnTimeout',
      line: 573,
      method: null,
      native: false
    },
    {
      column: 7,
      file: 'node:internal/timers',
      function: 'processTimers',
      line: 514,
      method: null,
      native: false
    }
  ],
  timestamp: '2024-10-11 12:23:56.041 PM'
}
{
  message: 'Server on 4000 running. NodeENV: development  ',
  level: 'info',
  timestamp: '2024-10-11 12:24:16.115 PM'
}
{
  message: 'Server on 4000 running. NodeENV: development  ',
  level: 'info',
  timestamp: '2024-10-11 12:27:04.298 PM'
}
{
  message: 'Server on 4000 running. NodeENV: development  ',
  level: 'info',
  timestamp: '2024-10-11 12:31:24.802 PM'
}
{
  message: 'Server on 4000 running. NodeENV: development  ',
  level: 'info',
  timestamp: '2024-10-11 12:31:28.562 PM'
}
{
  message: 'Server on 4000 running. NodeENV: development  ',
  level: 'info',
  timestamp: '2024-10-11 12:41:33.253 PM'
}
{
  message: 'Server on 4000 running. NodeENV: development  ',
  level: 'info',
  timestamp: '2024-10-11 12:41:40.857 PM'
}
{
  message: 'Server on 4000 running. NodeENV: development  ',
  level: 'info',
  timestamp: '2024-10-11 12:42:12.252 PM'
}
{
  message: 'Server on 4000 running. NodeENV: development  ',
  level: 'info',
  timestamp: '2024-10-11 12:45:17.414 PM'
}
{
  message: 'Server on 4000 running. NodeENV: development  ',
  level: 'info',
  timestamp: '2024-10-11 12:46:53.538 PM'
}
{
  message: 'Server on 4000 running. NodeENV: development  ',
  level: 'info',
  timestamp: '2024-10-11 12:47:10.202 PM'
}
{
  message: 'Server on 4000 running. NodeENV: development  ',
  level: 'info',
  timestamp: '2024-10-11 12:47:24.834 PM'
}
{
  message: 'Server on 4000 running. NodeENV: development  ',
  level: 'info',
  timestamp: '2024-10-11 12:56:53.270 PM'
}
{
  message: 'Server on 4000 running. NodeENV: development  ',
  level: 'info',
  timestamp: '2024-10-11 12:59:10.629 PM'
}
{
  message: 'Server on 4000 running. NodeENV: development  ',
  level: 'info',
  timestamp: '2024-10-11 12:59:43.578 PM'
}
{
  message: 'Server on 4000 running. NodeENV: development  ',
  level: 'info',
  timestamp: '2024-10-11 01:00:07.347 PM'
}
{
  message: 'Server on 4000 running. NodeENV: development  ',
  level: 'info',
  timestamp: '2024-10-11 01:01:01.305 PM'
}
{
  message: 'Server on 4000 running. NodeENV: development  ',
  level: 'info',
  timestamp: '2024-10-11 01:17:17.460 PM'
}
{
  message: 'Server on 4000 running. NodeENV: development  ',
  level: 'info',
  timestamp: '2024-10-11 01:17:54.417 PM'
}
{
  message: 'Server on 4000 running. NodeENV: development  ',
  level: 'info',
  timestamp: '2024-10-11 01:22:04.879 PM'
}
{
  message: 'Server on 4000 running. NodeENV: development  ',
  level: 'info',
  timestamp: '2024-10-11 01:26:10.080 PM'
}
{
  message: 'Server on 4000 running. NodeENV: development  ',
  level: 'info',
  timestamp: '2024-10-11 01:27:28.308 PM'
}
{
  message: 'Server on 4000 running. NodeENV: development  ',
  level: 'info',
  timestamp: '2024-10-11 01:29:31.657 PM'
}
{
  message: 'Server on 4000 running. NodeENV: development  ',
  level: 'info',
  timestamp: '2024-10-11 01:31:06.930 PM'
}
