{
  message: 'Server on 4000 running. NodeENV: production  ',
  level: 'info',
  timestamp: '2024-09-16 11:01:25.642 AM'
}
{
  message: 'Server on 4000 running. NodeENV: development  ',
  level: 'info',
  timestamp: '2024-09-16 11:01:30.005 AM'
}
{
  message: 'Server on 4000 running. NodeENV: development  ',
  level: 'info',
  timestamp: '2024-09-16 11:02:19.068 AM'
}
{
  message: 'Server on 4000 running. NodeENV: development  ',
  level: 'info',
  timestamp: '2024-09-16 11:02:24.148 AM'
}
{
  message: 'Server on 4000 running. NodeENV: development  ',
  level: 'info',
  timestamp: '2024-09-16 11:02:28.005 AM'
}
{
  message: 'Server on 4000 running. NodeENV: development  ',
  level: 'info',
  timestamp: '2024-09-16 11:06:54.542 AM'
}
{
  message: 'Server on 4000 running. NodeENV: development  ',
  level: 'info',
  timestamp: '2024-09-16 11:07:11.573 AM'
}
{
  message: 'Server on 4000 running. NodeENV: development  ',
  level: 'info',
  timestamp: '2024-09-16 11:07:22.145 AM'
}
{
  message: 'Server on 4000 running. NodeENV: development  ',
  level: 'info',
  timestamp: '2024-09-16 11:10:06.981 AM'
}
{
  message: 'Server on 4000 running. NodeENV: development  ',
  level: 'info',
  timestamp: '2024-09-16 11:10:14.469 AM'
}
{
  message: 'Server on 4000 running. NodeENV: development  ',
  level: 'info',
  timestamp: '2024-09-16 11:10:36.550 AM'
}
{
  message: 'Server on 4000 running. NodeENV: development  ',
  level: 'info',
  timestamp: '2024-09-16 11:11:27.895 AM'
}
{
  message: 'Server on 4000 running. NodeENV: development  ',
  level: 'info',
  timestamp: '2024-09-16 11:11:33.962 AM'
}
{
  message: 'Server on 4000 running. NodeENV: development  ',
  level: 'info',
  timestamp: '2024-09-16 11:11:49.397 AM'
}
{
  message: 'Server on 4000 running. NodeENV: development  ',
  level: 'info',
  timestamp: '2024-09-16 11:11:55.638 AM'
}
{
  message: 'Server on 4000 running. NodeENV: development  ',
  level: 'info',
  timestamp: '2024-09-16 11:12:09.721 AM'
}
{
  message: 'Server on 4000 running. NodeENV: development  ',
  level: 'info',
  timestamp: '2024-09-16 11:13:22.725 AM'
}
{
  message: 'Server on 4000 running. NodeENV: development  ',
  level: 'info',
  timestamp: '2024-09-16 11:13:40.564 AM'
}
{
  message: 'Server on 4000 running. NodeENV: development  ',
  level: 'info',
  timestamp: '2024-09-16 11:14:16.128 AM'
}
{
  message: 'Server on 4000 running. NodeENV: development  ',
  level: 'info',
  timestamp: '2024-09-16 11:14:24.589 AM'
}
{
  message: 'Server on 4000 running. NodeENV: development  ',
  level: 'info',
  timestamp: '2024-09-16 11:14:30.740 AM'
}
{
  message: 'Server on 4000 running. NodeENV: development  ',
  level: 'info',
  timestamp: '2024-09-16 11:14:42.562 AM'
}
{
  message: 'Server on 4000 running. NodeENV: development  ',
  level: 'info',
  timestamp: '2024-09-16 11:14:50.846 AM'
}
{
  message: 'Server on 4000 running. NodeENV: development  ',
  level: 'info',
  timestamp: '2024-09-16 11:14:57.854 AM'
}
{
  message: 'Server on 4000 running. NodeENV: development  ',
  level: 'info',
  timestamp: '2024-09-16 11:22:37.320 AM'
}
{
  message: 'Server on 4000 running. NodeENV: development  ',
  level: 'info',
  timestamp: '2024-09-16 11:22:43.952 AM'
}
{
  message: 'Server on 4000 running. NodeENV: development  ',
  level: 'info',
  timestamp: '2024-09-16 11:22:50.864 AM'
}
{
  message: 'Server on 4000 running. NodeENV: development  ',
  level: 'info',
  timestamp: '2024-09-16 11:22:54.437 AM'
}
{
  message: 'Server on 4000 running. NodeENV: development  ',
  level: 'info',
  timestamp: '2024-09-16 11:23:04.255 AM'
}
{
  message: 'Server on 4000 running. NodeENV: development  ',
  level: 'info',
  timestamp: '2024-09-16 11:23:11.724 AM'
}
{
  message: 'Server on 4000 running. NodeENV: development  ',
  level: 'info',
  timestamp: '2024-09-16 11:23:16.524 AM'
}
{
  message: 'Server on 4000 running. NodeENV: development  ',
  level: 'info',
  timestamp: '2024-09-16 11:33:58.401 AM'
}
{
  message: 'Server on 4000 running. NodeENV: development  ',
  level: 'info',
  timestamp: '2024-09-16 11:38:19.767 AM'
}
{
  message: 'Server on 4000 running. NodeENV: development  ',
  level: 'info',
  timestamp: '2024-09-16 11:41:05.654 AM'
}
{
  message: 'Server on 4000 running. NodeENV: development  ',
  level: 'info',
  timestamp: '2024-09-16 11:41:13.018 AM'
}
{
  message: 'Server on 4000 running. NodeENV: development  ',
  level: 'info',
  timestamp: '2024-09-16 11:41:27.626 AM'
}
{
  message: 'Server on 4000 running. NodeENV: development  ',
  level: 'info',
  timestamp: '2024-09-16 11:41:34.599 AM'
}
{
  message: 'Server on 4000 running. NodeENV: development  ',
  level: 'info',
  timestamp: '2024-09-16 11:41:39.640 AM'
}
{
  message: 'Server on 4000 running. NodeENV: development  ',
  level: 'info',
  timestamp: '2024-09-16 11:41:56.026 AM'
}
{
  message: 'Server on 4000 running. NodeENV: development  ',
  level: 'info',
  timestamp: '2024-09-16 11:48:25.258 AM'
}
{
  message: 'Server on 4000 running. NodeENV: development  ',
  level: 'info',
  timestamp: '2024-09-16 11:48:31.542 AM'
}
{
  message: 'Server on 4000 running. NodeENV: development  ',
  level: 'info',
  timestamp: '2024-09-16 11:48:36.423 AM'
}
{
  message: 'Server on 4000 running. NodeENV: development  ',
  level: 'info',
  timestamp: '2024-09-16 11:48:46.869 AM'
}
{
  message: 'Server on 4000 running. NodeENV: development  ',
  level: 'info',
  timestamp: '2024-09-16 11:51:13.948 AM'
}
{
  message: 'Server on 4000 running. NodeENV: development  ',
  level: 'info',
  timestamp: '2024-09-16 11:54:34.056 AM'
}
{
  message: 'Server on 4000 running. NodeENV: development  ',
  level: 'info',
  timestamp: '2024-09-16 11:54:43.022 AM'
}
{
  message: 'Server on 4000 running. NodeENV: development  ',
  level: 'info',
  timestamp: '2024-09-16 12:21:50.650 PM'
}
{
  message: 'Server on 4000 running. NodeENV: development  ',
  level: 'info',
  timestamp: '2024-09-16 12:30:57.587 PM'
}
{
  message: 'Server on 4000 running. NodeENV: development  ',
  level: 'info',
  timestamp: '2024-09-16 12:31:02.546 PM'
}
{
  message: 'Server on 4000 running. NodeENV: development  ',
  level: 'info',
  timestamp: '2024-09-16 12:31:06.791 PM'
}
{
  message: 'Server on 4000 running. NodeENV: development  ',
  level: 'info',
  timestamp: '2024-09-16 12:31:14.998 PM'
}
{
  message: 'Server on 4000 running. NodeENV: development  ',
  level: 'info',
  timestamp: '2024-09-16 12:31:18.657 PM'
}
{
  message: 'Server on 4000 running. NodeENV: development  ',
  level: 'info',
  timestamp: '2024-09-16 12:31:30.637 PM'
}
{
  message: 'Server on 4000 running. NodeENV: development  ',
  level: 'info',
  timestamp: '2024-09-16 12:31:38.434 PM'
}
{
  message: 'Server on 4000 running. NodeENV: development  ',
  level: 'info',
  timestamp: '2024-09-16 12:31:38.480 PM'
}
{
  message: 'Server on 4000 running. NodeENV: development  ',
  level: 'info',
  timestamp: '2024-09-16 12:34:52.277 PM'
}
{
  message: 'Server on 4000 running. NodeENV: development  ',
  level: 'info',
  timestamp: '2024-09-16 12:38:01.939 PM'
}
{
  message: 'Server on 4000 running. NodeENV: development  ',
  level: 'info',
  timestamp: '2024-09-16 12:38:26.038 PM'
}
{
  message: 'Server on 4000 running. NodeENV: development  ',
  level: 'info',
  timestamp: '2024-09-16 12:38:41.643 PM'
}
{
  message: 'Server on 4000 running. NodeENV: development  ',
  level: 'info',
  timestamp: '2024-09-16 12:39:57.852 PM'
}
{
  message: 'Server on 4000 running. NodeENV: development  ',
  level: 'info',
  timestamp: '2024-09-16 12:46:59.012 PM'
}
{
  message: 'Server on 4000 running. NodeENV: development  ',
  level: 'info',
  timestamp: '2024-09-16 12:48:35.062 PM'
}
{
  message: 'Server on 4000 running. NodeENV: development  ',
  level: 'info',
  timestamp: '2024-09-16 12:48:52.710 PM'
}
{
  message: 'Server on 4000 running. NodeENV: development  ',
  level: 'info',
  timestamp: '2024-09-16 12:49:03.123 PM'
}
{
  message: 'Server on 4000 running. NodeENV: development  ',
  level: 'info',
  timestamp: '2024-09-16 12:49:19.135 PM'
}
{
  message: 'Server on 4000 running. NodeENV: development  ',
  level: 'info',
  timestamp: '2024-09-16 12:49:22.822 PM'
}
{
  message: 'Server on 4000 running. NodeENV: development  ',
  level: 'info',
  timestamp: '2024-09-16 12:49:56.610 PM'
}
{
  message: 'Server on 4000 running. NodeENV: development  ',
  level: 'info',
  timestamp: '2024-09-16 12:50:04.071 PM'
}
{
  message: 'Server on 4000 running. NodeENV: development  ',
  level: 'info',
  timestamp: '2024-09-16 12:51:06.692 PM'
}
{
  message: 'Server on 4000 running. NodeENV: development  ',
  level: 'info',
  timestamp: '2024-09-16 12:51:15.101 PM'
}
{
  message: 'Server on 4000 running. NodeENV: development  ',
  level: 'info',
  timestamp: '2024-09-16 12:51:27.271 PM'
}
