{
  message: 'Server on 4000 running. NodeENV: development  ',
  level: 'info',
  timestamp: '2024-10-08 08:36:21.858 AM'
}
{
  level: 'error',
  message: 'Error register user : An email address is required',
  stack: 'Error: An email address is required\n' +
    '    at D:\\Projects\\chat-app\\backend\\controllers\\users\\registerController.ts:28:19\n' +
    '    at Generator.next (<anonymous>)\n' +
    '    at D:\\Projects\\chat-app\\backend\\controllers\\users\\registerController.ts:8:71\n' +
    '    at new Promise (<anonymous>)\n' +
    '    at __awaiter (D:\\Projects\\chat-app\\backend\\controllers\\users\\registerController.ts:4:12)\n' +
    '    at registerUser (D:\\Projects\\chat-app\\backend\\controllers\\users\\registerController.ts:15:60)\n' +
    '    at Layer.handle [as handle_request] (D:\\Projects\\chat-app\\node_modules\\express\\lib\\router\\layer.js:95:5)\n' +
    '    at next (D:\\Projects\\chat-app\\node_modules\\express\\lib\\router\\route.js:149:13)\n' +
    '    at Route.dispatch (D:\\Projects\\chat-app\\node_modules\\express\\lib\\router\\route.js:119:3)\n' +
    '    at Layer.handle [as handle_request] (D:\\Projects\\chat-app\\node_modules\\express\\lib\\router\\layer.js:95:5)',
  timestamp: '2024-10-08 09:12:13.978 AM'
}
{
  message: 'Server on 4000 running. NodeENV: development  ',
  level: 'info',
  timestamp: '2024-10-08 10:55:18.508 AM'
}
{
  message: 'Server on 4000 running. NodeENV: development  ',
  level: 'info',
  timestamp: '2024-10-08 11:57:52.234 AM'
}
{
  message: 'Server on 4000 running. NodeENV: development  ',
  level: 'info',
  timestamp: '2024-10-08 11:58:04.255 AM'
}
{
  message: 'Server on 4000 running. NodeENV: development  ',
  level: 'info',
  timestamp: '2024-10-08 11:58:08.727 AM'
}
{
  message: 'Server on 4000 running. NodeENV: development  ',
  level: 'info',
  timestamp: '2024-10-08 11:58:52.052 AM'
}
{
  message: 'Server on 4000 running. NodeENV: development  ',
  level: 'info',
  timestamp: '2024-10-08 11:59:45.903 AM'
}
{
  message: 'Server on 4000 running. NodeENV: development  ',
  level: 'info',
  timestamp: '2024-10-08 12:00:05.481 PM'
}
{
  message: 'Server on 4000 running. NodeENV: development  ',
  level: 'info',
  timestamp: '2024-10-08 12:00:13.303 PM'
}
{
  message: 'Server on 4000 running. NodeENV: development  ',
  level: 'info',
  timestamp: '2024-10-08 12:00:34.605 PM'
}
{
  message: 'Server on 4000 running. NodeENV: development  ',
  level: 'info',
  timestamp: '2024-10-08 12:02:25.808 PM'
}
{
  errors: {
    'messages.0.sender': CastError: Cast to ObjectId failed for value " registeredUser._id" (type string) at path "sender" because of "BSONError"
        at SchemaObjectId.cast (D:\Projects\chat-app\node_modules\mongoose\lib\schema\objectId.js:250:11)
        at SchemaObjectId.SchemaType.applySetters (D:\Projects\chat-app\node_modules\mongoose\lib\schemaType.js:1236:12)
        at EmbeddedDocument.$set (D:\Projects\chat-app\node_modules\mongoose\lib\document.js:1432:22)
        at EmbeddedDocument.$set (D:\Projects\chat-app\node_modules\mongoose\lib\document.js:1128:16)
        at EmbeddedDocument.Document (D:\Projects\chat-app\node_modules\mongoose\lib\document.js:177:12)
        at EmbeddedDocument.Subdocument (D:\Projects\chat-app\node_modules\mongoose\lib\types\subdocument.js:34:12)
        at EmbeddedDocument.ArraySubdocument [as constructor] (D:\Projects\chat-app\node_modules\mongoose\lib\types\arraySubdocument.js:44:15)
        at new EmbeddedDocument (D:\Projects\chat-app\node_modules\mongoose\lib\schema\documentArray.js:130:17)
        at SchemaDocumentArray.cast (D:\Projects\chat-app\node_modules\mongoose\lib\schema\documentArray.js:495:22)
        at SchemaDocumentArray.SchemaType.applySetters (D:\Projects\chat-app\node_modules\mongoose\lib\schemaType.js:1236:12) {
      stringValue: '" registeredUser._id"',
      messageFormat: undefined,
      kind: 'ObjectId',
      value: ' registeredUser._id',
      path: 'sender',
      reason: BSONError: input must be a 24 character hex string, 12 byte Uint8Array, or an integer
          at new ObjectId (D:\Projects\chat-app\node_modules\bson\src\objectid.ts:118:15)
          at castObjectId (D:\Projects\chat-app\node_modules\mongoose\lib\cast\objectid.js:25:12)
          at SchemaObjectId.cast (D:\Projects\chat-app\node_modules\mongoose\lib\schema\objectId.js:248:12)
          at SchemaObjectId.SchemaType.applySetters (D:\Projects\chat-app\node_modules\mongoose\lib\schemaType.js:1236:12)
          at EmbeddedDocument.$set (D:\Projects\chat-app\node_modules\mongoose\lib\document.js:1432:22)
          at EmbeddedDocument.$set (D:\Projects\chat-app\node_modules\mongoose\lib\document.js:1128:16)
          at EmbeddedDocument.Document (D:\Projects\chat-app\node_modules\mongoose\lib\document.js:177:12)
          at EmbeddedDocument.Subdocument (D:\Projects\chat-app\node_modules\mongoose\lib\types\subdocument.js:34:12)
          at EmbeddedDocument.ArraySubdocument [as constructor] (D:\Projects\chat-app\node_modules\mongoose\lib\types\arraySubdocument.js:44:15)
          at new EmbeddedDocument (D:\Projects\chat-app\node_modules\mongoose\lib\schema\documentArray.js:130:17),
      valueType: 'string'
    }
  },
  _message: 'Chat validation failed',
  level: 'error',
  message: 'Error register user : Chat validation failed: messages.0.sender: Cast to ObjectId failed for value " registeredUser._id" (type string) at path "sender" because of "BSONError"',
  stack: 'ValidationError: Chat validation failed: messages.0.sender: Cast to ObjectId failed for value " registeredUser._id" (type string) at path "sender" because of "BSONError"\n' +
    '    at model.Document.invalidate (D:\\Projects\\chat-app\\node_modules\\mongoose\\lib\\document.js:3312:32)\n' +
    '    at EmbeddedDocument.Subdocument.invalidate (D:\\Projects\\chat-app\\node_modules\\mongoose\\lib\\types\\subdocument.js:229:12)\n' +
    '    at EmbeddedDocument.$set (D:\\Projects\\chat-app\\node_modules\\mongoose\\lib\\document.js:1474:12)\n' +
    '    at EmbeddedDocument.$set (D:\\Projects\\chat-app\\node_modules\\mongoose\\lib\\document.js:1128:16)\n' +
    '    at EmbeddedDocument.Document (D:\\Projects\\chat-app\\node_modules\\mongoose\\lib\\document.js:177:12)\n' +
    '    at EmbeddedDocument.Subdocument (D:\\Projects\\chat-app\\node_modules\\mongoose\\lib\\types\\subdocument.js:34:12)\n' +
    '    at EmbeddedDocument.ArraySubdocument [as constructor] (D:\\Projects\\chat-app\\node_modules\\mongoose\\lib\\types\\arraySubdocument.js:44:15)\n' +
    '    at new EmbeddedDocument (D:\\Projects\\chat-app\\node_modules\\mongoose\\lib\\schema\\documentArray.js:130:17)\n' +
    '    at SchemaDocumentArray.cast (D:\\Projects\\chat-app\\node_modules\\mongoose\\lib\\schema\\documentArray.js:495:22)\n' +
    '    at SchemaDocumentArray.SchemaType.applySetters (D:\\Projects\\chat-app\\node_modules\\mongoose\\lib\\schemaType.js:1236:12)',
  timestamp: '2024-10-08 12:02:55.086 PM'
}
{
  message: 'Server on 4000 running. NodeENV: development  ',
  level: 'info',
  timestamp: '2024-10-08 12:03:22.870 PM'
}
{
  message: 'Server on 4000 running. NodeENV: development  ',
  level: 'info',
  timestamp: '2024-10-08 12:14:00.914 PM'
}
{
  errors: {
    'messages.0.sender': CastError: Cast to ObjectId failed for value "1d" (type string) at path "sender" because of "BSONError"
        at SchemaObjectId.cast (D:\Projects\chat-app\node_modules\mongoose\lib\schema\objectId.js:250:11)
        at SchemaObjectId.SchemaType.applySetters (D:\Projects\chat-app\node_modules\mongoose\lib\schemaType.js:1236:12)
        at EmbeddedDocument.$set (D:\Projects\chat-app\node_modules\mongoose\lib\document.js:1432:22)
        at EmbeddedDocument.$set (D:\Projects\chat-app\node_modules\mongoose\lib\document.js:1128:16)
        at EmbeddedDocument.Document (D:\Projects\chat-app\node_modules\mongoose\lib\document.js:177:12)
        at EmbeddedDocument.Subdocument (D:\Projects\chat-app\node_modules\mongoose\lib\types\subdocument.js:34:12)
        at EmbeddedDocument.ArraySubdocument [as constructor] (D:\Projects\chat-app\node_modules\mongoose\lib\types\arraySubdocument.js:44:15)
        at new EmbeddedDocument (D:\Projects\chat-app\node_modules\mongoose\lib\schema\documentArray.js:130:17)
        at SchemaDocumentArray.cast (D:\Projects\chat-app\node_modules\mongoose\lib\schema\documentArray.js:495:22)
        at SchemaDocumentArray.SchemaType.applySetters (D:\Projects\chat-app\node_modules\mongoose\lib\schemaType.js:1236:12) {
      stringValue: '"1d"',
      messageFormat: undefined,
      kind: 'ObjectId',
      value: '1d',
      path: 'sender',
      reason: BSONError: input must be a 24 character hex string, 12 byte Uint8Array, or an integer
          at new ObjectId (D:\Projects\chat-app\node_modules\bson\src\objectid.ts:118:15)
          at castObjectId (D:\Projects\chat-app\node_modules\mongoose\lib\cast\objectid.js:25:12)
          at SchemaObjectId.cast (D:\Projects\chat-app\node_modules\mongoose\lib\schema\objectId.js:248:12)
          at SchemaObjectId.SchemaType.applySetters (D:\Projects\chat-app\node_modules\mongoose\lib\schemaType.js:1236:12)
          at EmbeddedDocument.$set (D:\Projects\chat-app\node_modules\mongoose\lib\document.js:1432:22)
          at EmbeddedDocument.$set (D:\Projects\chat-app\node_modules\mongoose\lib\document.js:1128:16)
          at EmbeddedDocument.Document (D:\Projects\chat-app\node_modules\mongoose\lib\document.js:177:12)
          at EmbeddedDocument.Subdocument (D:\Projects\chat-app\node_modules\mongoose\lib\types\subdocument.js:34:12)
          at EmbeddedDocument.ArraySubdocument [as constructor] (D:\Projects\chat-app\node_modules\mongoose\lib\types\arraySubdocument.js:44:15)
          at new EmbeddedDocument (D:\Projects\chat-app\node_modules\mongoose\lib\schema\documentArray.js:130:17),
      valueType: 'string'
    }
  },
  _message: 'Chat validation failed',
  level: 'error',
  message: 'Error register user : Chat validation failed: messages.0.sender: Cast to ObjectId failed for value "1d" (type string) at path "sender" because of "BSONError"',
  stack: 'ValidationError: Chat validation failed: messages.0.sender: Cast to ObjectId failed for value "1d" (type string) at path "sender" because of "BSONError"\n' +
    '    at model.Document.invalidate (D:\\Projects\\chat-app\\node_modules\\mongoose\\lib\\document.js:3312:32)\n' +
    '    at EmbeddedDocument.Subdocument.invalidate (D:\\Projects\\chat-app\\node_modules\\mongoose\\lib\\types\\subdocument.js:229:12)\n' +
    '    at EmbeddedDocument.$set (D:\\Projects\\chat-app\\node_modules\\mongoose\\lib\\document.js:1474:12)\n' +
    '    at EmbeddedDocument.$set (D:\\Projects\\chat-app\\node_modules\\mongoose\\lib\\document.js:1128:16)\n' +
    '    at EmbeddedDocument.Document (D:\\Projects\\chat-app\\node_modules\\mongoose\\lib\\document.js:177:12)\n' +
    '    at EmbeddedDocument.Subdocument (D:\\Projects\\chat-app\\node_modules\\mongoose\\lib\\types\\subdocument.js:34:12)\n' +
    '    at EmbeddedDocument.ArraySubdocument [as constructor] (D:\\Projects\\chat-app\\node_modules\\mongoose\\lib\\types\\arraySubdocument.js:44:15)\n' +
    '    at new EmbeddedDocument (D:\\Projects\\chat-app\\node_modules\\mongoose\\lib\\schema\\documentArray.js:130:17)\n' +
    '    at SchemaDocumentArray.cast (D:\\Projects\\chat-app\\node_modules\\mongoose\\lib\\schema\\documentArray.js:495:22)\n' +
    '    at SchemaDocumentArray.SchemaType.applySetters (D:\\Projects\\chat-app\\node_modules\\mongoose\\lib\\schemaType.js:1236:12)',
  timestamp: '2024-10-08 12:14:52.921 PM'
}
{
  errors: {
    'messages.0.sender': CastError: Cast to ObjectId failed for value "1d" (type string) at path "sender" because of "BSONError"
        at SchemaObjectId.cast (D:\Projects\chat-app\node_modules\mongoose\lib\schema\objectId.js:250:11)
        at SchemaObjectId.SchemaType.applySetters (D:\Projects\chat-app\node_modules\mongoose\lib\schemaType.js:1236:12)
        at EmbeddedDocument.$set (D:\Projects\chat-app\node_modules\mongoose\lib\document.js:1432:22)
        at EmbeddedDocument.$set (D:\Projects\chat-app\node_modules\mongoose\lib\document.js:1128:16)
        at EmbeddedDocument.Document (D:\Projects\chat-app\node_modules\mongoose\lib\document.js:177:12)
        at EmbeddedDocument.Subdocument (D:\Projects\chat-app\node_modules\mongoose\lib\types\subdocument.js:34:12)
        at EmbeddedDocument.ArraySubdocument [as constructor] (D:\Projects\chat-app\node_modules\mongoose\lib\types\arraySubdocument.js:44:15)
        at new EmbeddedDocument (D:\Projects\chat-app\node_modules\mongoose\lib\schema\documentArray.js:130:17)
        at SchemaDocumentArray.cast (D:\Projects\chat-app\node_modules\mongoose\lib\schema\documentArray.js:495:22)
        at SchemaDocumentArray.SchemaType.applySetters (D:\Projects\chat-app\node_modules\mongoose\lib\schemaType.js:1236:12) {
      stringValue: '"1d"',
      messageFormat: undefined,
      kind: 'ObjectId',
      value: '1d',
      path: 'sender',
      reason: BSONError: input must be a 24 character hex string, 12 byte Uint8Array, or an integer
          at new ObjectId (D:\Projects\chat-app\node_modules\bson\src\objectid.ts:118:15)
          at castObjectId (D:\Projects\chat-app\node_modules\mongoose\lib\cast\objectid.js:25:12)
          at SchemaObjectId.cast (D:\Projects\chat-app\node_modules\mongoose\lib\schema\objectId.js:248:12)
          at SchemaObjectId.SchemaType.applySetters (D:\Projects\chat-app\node_modules\mongoose\lib\schemaType.js:1236:12)
          at EmbeddedDocument.$set (D:\Projects\chat-app\node_modules\mongoose\lib\document.js:1432:22)
          at EmbeddedDocument.$set (D:\Projects\chat-app\node_modules\mongoose\lib\document.js:1128:16)
          at EmbeddedDocument.Document (D:\Projects\chat-app\node_modules\mongoose\lib\document.js:177:12)
          at EmbeddedDocument.Subdocument (D:\Projects\chat-app\node_modules\mongoose\lib\types\subdocument.js:34:12)
          at EmbeddedDocument.ArraySubdocument [as constructor] (D:\Projects\chat-app\node_modules\mongoose\lib\types\arraySubdocument.js:44:15)
          at new EmbeddedDocument (D:\Projects\chat-app\node_modules\mongoose\lib\schema\documentArray.js:130:17),
      valueType: 'string'
    }
  },
  _message: 'Chat validation failed',
  level: 'error',
  message: 'Error register user : Chat validation failed: messages.0.sender: Cast to ObjectId failed for value "1d" (type string) at path "sender" because of "BSONError"',
  stack: 'ValidationError: Chat validation failed: messages.0.sender: Cast to ObjectId failed for value "1d" (type string) at path "sender" because of "BSONError"\n' +
    '    at model.Document.invalidate (D:\\Projects\\chat-app\\node_modules\\mongoose\\lib\\document.js:3312:32)\n' +
    '    at EmbeddedDocument.Subdocument.invalidate (D:\\Projects\\chat-app\\node_modules\\mongoose\\lib\\types\\subdocument.js:229:12)\n' +
    '    at EmbeddedDocument.$set (D:\\Projects\\chat-app\\node_modules\\mongoose\\lib\\document.js:1474:12)\n' +
    '    at EmbeddedDocument.$set (D:\\Projects\\chat-app\\node_modules\\mongoose\\lib\\document.js:1128:16)\n' +
    '    at EmbeddedDocument.Document (D:\\Projects\\chat-app\\node_modules\\mongoose\\lib\\document.js:177:12)\n' +
    '    at EmbeddedDocument.Subdocument (D:\\Projects\\chat-app\\node_modules\\mongoose\\lib\\types\\subdocument.js:34:12)\n' +
    '    at EmbeddedDocument.ArraySubdocument [as constructor] (D:\\Projects\\chat-app\\node_modules\\mongoose\\lib\\types\\arraySubdocument.js:44:15)\n' +
    '    at new EmbeddedDocument (D:\\Projects\\chat-app\\node_modules\\mongoose\\lib\\schema\\documentArray.js:130:17)\n' +
    '    at SchemaDocumentArray.cast (D:\\Projects\\chat-app\\node_modules\\mongoose\\lib\\schema\\documentArray.js:495:22)\n' +
    '    at SchemaDocumentArray.SchemaType.applySetters (D:\\Projects\\chat-app\\node_modules\\mongoose\\lib\\schemaType.js:1236:12)',
  timestamp: '2024-10-08 12:15:33.517 PM'
}
{
  message: 'Server on 4000 running. NodeENV: development  ',
  level: 'info',
  timestamp: '2024-10-08 12:15:59.043 PM'
}
{
  message: 'Server on 4000 running. NodeENV: development  ',
  level: 'info',
  timestamp: '2024-10-08 12:18:04.306 PM'
}
{
  message: 'Server on 4000 running. NodeENV: development  ',
  level: 'info',
  timestamp: '2024-10-08 12:18:09.386 PM'
}
{
  message: 'Server on 4000 running. NodeENV: development  ',
  level: 'info',
  timestamp: '2024-10-08 12:28:48.410 PM'
}
{
  errors: {
    'messages.0.sender': CastError: Cast to ObjectId failed for value "system" (type string) at path "sender" because of "BSONError"
        at SchemaObjectId.cast (D:\Projects\chat-app\node_modules\mongoose\lib\schema\objectId.js:250:11)
        at SchemaObjectId.SchemaType.applySetters (D:\Projects\chat-app\node_modules\mongoose\lib\schemaType.js:1236:12)
        at EmbeddedDocument.$set (D:\Projects\chat-app\node_modules\mongoose\lib\document.js:1432:22)
        at EmbeddedDocument.$set (D:\Projects\chat-app\node_modules\mongoose\lib\document.js:1128:16)
        at EmbeddedDocument.Document (D:\Projects\chat-app\node_modules\mongoose\lib\document.js:177:12)
        at EmbeddedDocument.Subdocument (D:\Projects\chat-app\node_modules\mongoose\lib\types\subdocument.js:34:12)
        at EmbeddedDocument.ArraySubdocument [as constructor] (D:\Projects\chat-app\node_modules\mongoose\lib\types\arraySubdocument.js:44:15)
        at new EmbeddedDocument (D:\Projects\chat-app\node_modules\mongoose\lib\schema\documentArray.js:130:17)
        at SchemaDocumentArray.cast (D:\Projects\chat-app\node_modules\mongoose\lib\schema\documentArray.js:495:22)
        at SchemaDocumentArray.SchemaType.applySetters (D:\Projects\chat-app\node_modules\mongoose\lib\schemaType.js:1236:12) {
      stringValue: '"system"',
      messageFormat: undefined,
      kind: 'ObjectId',
      value: 'system',
      path: 'sender',
      reason: BSONError: input must be a 24 character hex string, 12 byte Uint8Array, or an integer
          at new ObjectId (D:\Projects\chat-app\node_modules\bson\src\objectid.ts:118:15)
          at castObjectId (D:\Projects\chat-app\node_modules\mongoose\lib\cast\objectid.js:25:12)
          at SchemaObjectId.cast (D:\Projects\chat-app\node_modules\mongoose\lib\schema\objectId.js:248:12)
          at SchemaObjectId.SchemaType.applySetters (D:\Projects\chat-app\node_modules\mongoose\lib\schemaType.js:1236:12)
          at EmbeddedDocument.$set (D:\Projects\chat-app\node_modules\mongoose\lib\document.js:1432:22)
          at EmbeddedDocument.$set (D:\Projects\chat-app\node_modules\mongoose\lib\document.js:1128:16)
          at EmbeddedDocument.Document (D:\Projects\chat-app\node_modules\mongoose\lib\document.js:177:12)
          at EmbeddedDocument.Subdocument (D:\Projects\chat-app\node_modules\mongoose\lib\types\subdocument.js:34:12)
          at EmbeddedDocument.ArraySubdocument [as constructor] (D:\Projects\chat-app\node_modules\mongoose\lib\types\arraySubdocument.js:44:15)
          at new EmbeddedDocument (D:\Projects\chat-app\node_modules\mongoose\lib\schema\documentArray.js:130:17),
      valueType: 'string'
    }
  },
  _message: 'Chat validation failed',
  level: 'error',
  message: 'Error register user : Chat validation failed: messages.0.sender: Cast to ObjectId failed for value "system" (type string) at path "sender" because of "BSONError"',
  stack: 'ValidationError: Chat validation failed: messages.0.sender: Cast to ObjectId failed for value "system" (type string) at path "sender" because of "BSONError"\n' +
    '    at model.Document.invalidate (D:\\Projects\\chat-app\\node_modules\\mongoose\\lib\\document.js:3312:32)\n' +
    '    at EmbeddedDocument.Subdocument.invalidate (D:\\Projects\\chat-app\\node_modules\\mongoose\\lib\\types\\subdocument.js:229:12)\n' +
    '    at EmbeddedDocument.$set (D:\\Projects\\chat-app\\node_modules\\mongoose\\lib\\document.js:1474:12)\n' +
    '    at EmbeddedDocument.$set (D:\\Projects\\chat-app\\node_modules\\mongoose\\lib\\document.js:1128:16)\n' +
    '    at EmbeddedDocument.Document (D:\\Projects\\chat-app\\node_modules\\mongoose\\lib\\document.js:177:12)\n' +
    '    at EmbeddedDocument.Subdocument (D:\\Projects\\chat-app\\node_modules\\mongoose\\lib\\types\\subdocument.js:34:12)\n' +
    '    at EmbeddedDocument.ArraySubdocument [as constructor] (D:\\Projects\\chat-app\\node_modules\\mongoose\\lib\\types\\arraySubdocument.js:44:15)\n' +
    '    at new EmbeddedDocument (D:\\Projects\\chat-app\\node_modules\\mongoose\\lib\\schema\\documentArray.js:130:17)\n' +
    '    at SchemaDocumentArray.cast (D:\\Projects\\chat-app\\node_modules\\mongoose\\lib\\schema\\documentArray.js:495:22)\n' +
    '    at SchemaDocumentArray.SchemaType.applySetters (D:\\Projects\\chat-app\\node_modules\\mongoose\\lib\\schemaType.js:1236:12)',
  timestamp: '2024-10-08 12:29:12.428 PM'
}
{
  message: 'Server on 4000 running. NodeENV: development  ',
  level: 'info',
  timestamp: '2024-10-08 12:31:28.968 PM'
}
