{
  message: 'Server on 4000 running. NodeENV: development  ',
  level: 'info',
  timestamp: '2024-09-18 08:31:42.176 AM'
}
{
  stringValue: '"undefined"',
  messageFormat: undefined,
  kind: 'ObjectId',
  value: 'undefined',
  path: '_id',
  reason: BSONError: input must be a 24 character hex string, 12 byte Uint8Array, or an integer
      at new ObjectId (D:\Projects\chat-app\node_modules\bson\src\objectid.ts:118:15)
      at castObjectId (D:\Projects\chat-app\node_modules\mongoose\lib\cast\objectid.js:25:12)
      at SchemaObjectId.cast (D:\Projects\chat-app\node_modules\mongoose\lib\schema\objectId.js:248:12)
      at SchemaObjectId.SchemaType.applySetters (D:\Projects\chat-app\node_modules\mongoose\lib\schemaType.js:1236:12)
      at SchemaObjectId.SchemaType.castForQuery (D:\Projects\chat-app\node_modules\mongoose\lib\schemaType.js:1653:17)
      at cast (D:\Projects\chat-app\node_modules\mongoose\lib\cast.js:375:32)
      at model.Query.Query.cast (D:\Projects\chat-app\node_modules\mongoose\lib\query.js:4857:12)
      at model.Query.Query._castConditions (D:\Projects\chat-app\node_modules\mongoose\lib\query.js:2265:10)
      at model.Query._findOne (D:\Projects\chat-app\node_modules\mongoose\lib\query.js:2585:8)
      at model.Query.exec (D:\Projects\chat-app\node_modules\mongoose\lib\query.js:4401:80),
  valueType: 'string',
  level: 'error',
  message: 'Error getChatById controller: Cast to ObjectId failed for value "undefined" (type string) at path "_id" for model "Chat"',
  stack: 'CastError: Cast to ObjectId failed for value "undefined" (type string) at path "_id" for model "Chat"\n' +
    '    at SchemaObjectId.cast (D:\\Projects\\chat-app\\node_modules\\mongoose\\lib\\schema\\objectId.js:250:11)\n' +
    '    at SchemaObjectId.SchemaType.applySetters (D:\\Projects\\chat-app\\node_modules\\mongoose\\lib\\schemaType.js:1236:12)\n' +
    '    at SchemaObjectId.SchemaType.castForQuery (D:\\Projects\\chat-app\\node_modules\\mongoose\\lib\\schemaType.js:1653:17)\n' +
    '    at cast (D:\\Projects\\chat-app\\node_modules\\mongoose\\lib\\cast.js:375:32)\n' +
    '    at model.Query.Query.cast (D:\\Projects\\chat-app\\node_modules\\mongoose\\lib\\query.js:4857:12)\n' +
    '    at model.Query.Query._castConditions (D:\\Projects\\chat-app\\node_modules\\mongoose\\lib\\query.js:2265:10)\n' +
    '    at model.Query._findOne (D:\\Projects\\chat-app\\node_modules\\mongoose\\lib\\query.js:2585:8)\n' +
    '    at model.Query.exec (D:\\Projects\\chat-app\\node_modules\\mongoose\\lib\\query.js:4401:80)\n' +
    '    at processTicksAndRejections (node:internal/process/task_queues:95:5)',
  timestamp: '2024-09-18 08:31:50.285 AM'
}
{
  stringValue: '"undefined"',
  messageFormat: undefined,
  kind: 'ObjectId',
  value: 'undefined',
  path: '_id',
  reason: BSONError: input must be a 24 character hex string, 12 byte Uint8Array, or an integer
      at new ObjectId (D:\Projects\chat-app\node_modules\bson\src\objectid.ts:118:15)
      at castObjectId (D:\Projects\chat-app\node_modules\mongoose\lib\cast\objectid.js:25:12)
      at SchemaObjectId.cast (D:\Projects\chat-app\node_modules\mongoose\lib\schema\objectId.js:248:12)
      at SchemaObjectId.SchemaType.applySetters (D:\Projects\chat-app\node_modules\mongoose\lib\schemaType.js:1236:12)
      at SchemaObjectId.SchemaType.castForQuery (D:\Projects\chat-app\node_modules\mongoose\lib\schemaType.js:1653:17)
      at cast (D:\Projects\chat-app\node_modules\mongoose\lib\cast.js:375:32)
      at model.Query.Query.cast (D:\Projects\chat-app\node_modules\mongoose\lib\query.js:4857:12)
      at model.Query.Query._castConditions (D:\Projects\chat-app\node_modules\mongoose\lib\query.js:2265:10)
      at model.Query._findOne (D:\Projects\chat-app\node_modules\mongoose\lib\query.js:2585:8)
      at model.Query.exec (D:\Projects\chat-app\node_modules\mongoose\lib\query.js:4401:80),
  valueType: 'string',
  level: 'error',
  message: 'Error getChatById controller: Cast to ObjectId failed for value "undefined" (type string) at path "_id" for model "Chat"',
  stack: 'CastError: Cast to ObjectId failed for value "undefined" (type string) at path "_id" for model "Chat"\n' +
    '    at SchemaObjectId.cast (D:\\Projects\\chat-app\\node_modules\\mongoose\\lib\\schema\\objectId.js:250:11)\n' +
    '    at SchemaObjectId.SchemaType.applySetters (D:\\Projects\\chat-app\\node_modules\\mongoose\\lib\\schemaType.js:1236:12)\n' +
    '    at SchemaObjectId.SchemaType.castForQuery (D:\\Projects\\chat-app\\node_modules\\mongoose\\lib\\schemaType.js:1653:17)\n' +
    '    at cast (D:\\Projects\\chat-app\\node_modules\\mongoose\\lib\\cast.js:375:32)\n' +
    '    at model.Query.Query.cast (D:\\Projects\\chat-app\\node_modules\\mongoose\\lib\\query.js:4857:12)\n' +
    '    at model.Query.Query._castConditions (D:\\Projects\\chat-app\\node_modules\\mongoose\\lib\\query.js:2265:10)\n' +
    '    at model.Query._findOne (D:\\Projects\\chat-app\\node_modules\\mongoose\\lib\\query.js:2585:8)\n' +
    '    at model.Query.exec (D:\\Projects\\chat-app\\node_modules\\mongoose\\lib\\query.js:4401:80)\n' +
    '    at processTicksAndRejections (node:internal/process/task_queues:95:5)',
  timestamp: '2024-09-18 08:55:11.474 AM'
}
{
  message: 'Server on 4000 running. NodeENV: development  ',
  level: 'info',
  timestamp: '2024-09-18 08:55:23.778 AM'
}
{
  message: 'Server on 4000 running. NodeENV: development  ',
  level: 'info',
  timestamp: '2024-09-18 08:55:32.818 AM'
}
{
  message: 'Server on 4000 running. NodeENV: development  ',
  level: 'info',
  timestamp: '2024-09-18 08:55:39.570 AM'
}
{
  message: 'Server on 4000 running. NodeENV: development  ',
  level: 'info',
  timestamp: '2024-09-18 08:56:09.852 AM'
}
{
  message: 'Server on 4000 running. NodeENV: development  ',
  level: 'info',
  timestamp: '2024-09-18 08:56:52.841 AM'
}
{
  message: 'Server on 4000 running. NodeENV: development  ',
  level: 'info',
  timestamp: '2024-09-18 10:13:23.098 AM'
}
{
  message: 'Server on 4000 running. NodeENV: development  ',
  level: 'info',
  timestamp: '2024-09-18 10:13:41.878 AM'
}
{
  message: 'Server on 4000 running. NodeENV: development  ',
  level: 'info',
  timestamp: '2024-09-18 10:13:48.924 AM'
}
{
  message: 'Server on 4000 running. NodeENV: development  ',
  level: 'info',
  timestamp: '2024-09-18 10:16:30.130 AM'
}
{
  message: 'Server on 4000 running. NodeENV: development  ',
  level: 'info',
  timestamp: '2024-09-18 10:16:37.133 AM'
}
{
  message: 'Server on 4000 running. NodeENV: development  ',
  level: 'info',
  timestamp: '2024-09-18 10:20:59.013 AM'
}
{
  message: 'Server on 4000 running. NodeENV: development  ',
  level: 'info',
  timestamp: '2024-09-18 10:21:28.621 AM'
}
{
  message: 'Server on 4000 running. NodeENV: development  ',
  level: 'info',
  timestamp: '2024-09-18 10:22:57.024 AM'
}
{
  message: 'Server on 4000 running. NodeENV: development  ',
  level: 'info',
  timestamp: '2024-09-18 10:23:02.464 AM'
}
{
  message: 'Server on 4000 running. NodeENV: development  ',
  level: 'info',
  timestamp: '2024-09-18 10:25:02.968 AM'
}
{
  message: 'Server on 4000 running. NodeENV: development  ',
  level: 'info',
  timestamp: '2024-09-18 10:25:14.272 AM'
}
{
  message: 'Server on 4000 running. NodeENV: test  ',
  level: 'info',
  timestamp: '2024-09-18 10:31:34.728 AM'
}
{
  message: 'Server on 4000 running. NodeENV: development  ',
  level: 'info',
  timestamp: '2024-09-18 10:32:12.744 AM'
}
{
  message: 'Server on 4000 running. NodeENV: test  ',
  level: 'info',
  timestamp: '2024-09-18 10:32:21.899 AM'
}
{
  message: 'Server on 4000 running. NodeENV: test  ',
  level: 'info',
  timestamp: '2024-09-18 10:46:02.988 AM'
}
{
  message: 'Server on 4000 running. NodeENV: development  ',
  level: 'info',
  timestamp: '2024-09-18 10:50:02.784 AM'
}
{
  message: 'Server on 4000 running. NodeENV: development  ',
  level: 'info',
  timestamp: '2024-09-18 10:50:12.593 AM'
}
{
  message: 'Server on 4000 running. NodeENV: test  ',
  level: 'info',
  timestamp: '2024-09-18 10:50:51.748 AM'
}
{
  message: 'Server on 4000 running. NodeENV: development  ',
  level: 'info',
  timestamp: '2024-09-18 10:51:09.877 AM'
}
{
  message: 'Server on 4000 running. NodeENV: development  ',
  level: 'info',
  timestamp: '2024-09-18 10:51:13.823 AM'
}
{
  message: 'Server on 4000 running. NodeENV: development  ',
  level: 'info',
  timestamp: '2024-09-18 10:51:55.451 AM'
}
{
  message: 'Server on 4000 running. NodeENV: development  ',
  level: 'info',
  timestamp: '2024-09-18 10:52:11.997 AM'
}
{
  message: 'Server on 4000 running. NodeENV: test  ',
  level: 'info',
  timestamp: '2024-09-18 10:52:21.537 AM'
}
{
  message: 'Server on 4000 running. NodeENV: development  ',
  level: 'info',
  timestamp: '2024-09-18 10:52:30.276 AM'
}
{
  message: 'Server on 4000 running. NodeENV: test  ',
  level: 'info',
  timestamp: '2024-09-18 10:52:34.820 AM'
}
{
  message: 'Server on 4000 running. NodeENV: development  ',
  level: 'info',
  timestamp: '2024-09-18 10:52:57.665 AM'
}
{
  message: 'Server on 4000 running. NodeENV: development  ',
  level: 'info',
  timestamp: '2024-09-18 10:53:02.992 AM'
}
{
  message: 'Server on 4000 running. NodeENV: development  ',
  level: 'info',
  timestamp: '2024-09-18 10:53:20.547 AM'
}
{
  message: 'Server on 4000 running. NodeENV: development  ',
  level: 'info',
  timestamp: '2024-09-18 11:12:48.217 AM'
}
{
  message: 'Server on 4000 running. NodeENV: development  ',
  level: 'info',
  timestamp: '2024-09-18 11:13:18.104 AM'
}
{
  message: 'Server on 4000 running. NodeENV: test  ',
  level: 'info',
  timestamp: '2024-09-18 11:13:25.496 AM'
}
{
  message: 'Server on 4000 running. NodeENV: development  ',
  level: 'info',
  timestamp: '2024-09-18 11:16:23.400 AM'
}
{
  message: 'Server on 4000 running. NodeENV: development  ',
  level: 'info',
  timestamp: '2024-09-18 12:11:31.418 PM'
}
{
  message: 'Server on 4000 running. NodeENV: development  ',
  level: 'info',
  timestamp: '2024-09-18 12:48:45.737 PM'
}
{
  message: 'Server on 4000 running. NodeENV: development  ',
  level: 'info',
  timestamp: '2024-09-18 12:48:57.343 PM'
}
{
  message: 'Server on 4000 running. NodeENV: development  ',
  level: 'info',
  timestamp: '2024-09-18 12:49:37.724 PM'
}
{
  message: 'Server on 4000 running. NodeENV: development  ',
  level: 'info',
  timestamp: '2024-09-18 12:50:11.039 PM'
}
{
  message: 'Server on 4000 running. NodeENV: development  ',
  level: 'info',
  timestamp: '2024-09-18 12:50:14.815 PM'
}
{
  message: 'Server on 4000 running. NodeENV: development  ',
  level: 'info',
  timestamp: '2024-09-18 01:05:07.780 PM'
}
{
  message: 'Server on 4000 running. NodeENV: development  ',
  level: 'info',
  timestamp: '2024-09-18 01:14:59.630 PM'
}
{
  message: 'Server on 4000 running. NodeENV: test  ',
  level: 'info',
  timestamp: '2024-09-18 01:17:00.818 PM'
}
{
  message: 'Server on 4000 running. NodeENV: test  ',
  level: 'info',
  timestamp: '2024-09-18 01:17:49.013 PM'
}
{
  message: 'Server on 4000 running. NodeENV: test  ',
  level: 'info',
  timestamp: '2024-09-18 01:21:10.981 PM'
}
{
  message: 'Server on 4000 running. NodeENV: development  ',
  level: 'info',
  timestamp: '2024-09-18 01:24:23.924 PM'
}
{
  message: 'Server on 4000 running. NodeENV: development  ',
  level: 'info',
  timestamp: '2024-09-18 01:25:01.936 PM'
}
{
  message: 'Server on 4000 running. NodeENV: development  ',
  level: 'info',
  timestamp: '2024-09-18 01:25:16.321 PM'
}
{
  message: 'Server on 4000 running. NodeENV: test  ',
  level: 'info',
  timestamp: '2024-09-18 01:25:53.753 PM'
}
{
  message: 'Server on 4000 running. NodeENV: test  ',
  level: 'info',
  timestamp: '2024-09-18 01:26:11.942 PM'
}
{
  message: 'Server on 4000 running. NodeENV: test  ',
  level: 'info',
  timestamp: '2024-09-18 01:27:42.861 PM'
}
{
  message: 'Server on 4000 running. NodeENV: test  ',
  level: 'info',
  timestamp: '2024-09-18 01:29:20.703 PM'
}
{
  message: 'Server on 4000 running. NodeENV: test  ',
  level: 'info',
  timestamp: '2024-09-18 01:30:45.434 PM'
}
