{
  message: 'Server on 4000 running. NodeENV: production  ',
  level: 'info',
  timestamp: '2024-11-02 08:55:48.883 AM'
}
{
  message: 'Server on 4000 running. NodeENV: production  ',
  level: 'info',
  timestamp: '2024-11-02 09:48:37.576 AM'
}
{
  message: 'Server on 4000 running. NodeENV: production  ',
  level: 'info',
  timestamp: '2024-11-02 10:04:23.856 AM'
}
{
  message: 'Server on 4000 running. NodeENV: production  ',
  level: 'info',
  timestamp: '2024-11-02 10:07:50.388 AM'
}
{
  message: 'Server on 4000 running. NodeENV: production  ',
  level: 'info',
  timestamp: '2024-11-02 10:11:48.052 AM'
}
{
  message: 'Server on 4000 running. NodeENV: production  ',
  level: 'info',
  timestamp: '2024-11-02 10:12:58.642 AM'
}
{
  message: 'Server on 4000 running. NodeENV: production  ',
  level: 'info',
  timestamp: '2024-11-02 11:02:48.532 AM'
}
{
  message: 'Server on 4000 running. NodeENV: production  ',
  level: 'info',
  timestamp: '2024-11-02 11:04:43.588 AM'
}
{
  message: 'Server on 4000 running. NodeENV: production  ',
  level: 'info',
  timestamp: '2024-11-02 11:07:08.643 AM'
}
{
  message: 'Server on 4000 running. NodeENV: production  ',
  level: 'info',
  timestamp: '2024-11-02 11:09:05.044 AM'
}
{
  message: 'Server on 4000 running. NodeENV: production  ',
  level: 'info',
  timestamp: '2024-11-02 11:31:19.525 AM'
}
{
  message: 'Server on 4000 running. NodeENV: production  ',
  level: 'info',
  timestamp: '2024-11-02 11:44:44.136 AM'
}
{
  message: 'Server on 4000 running. NodeENV: production  ',
  level: 'info',
  timestamp: '2024-11-02 11:51:58.155 AM'
}
{
  message: 'Server on 4000 running. NodeENV: production  ',
  level: 'info',
  timestamp: '2024-11-02 11:56:03.355 AM'
}
{
  message: 'Server on 4000 running. NodeENV: production  ',
  level: 'info',
  timestamp: '2024-11-02 12:03:17.790 PM'
}
{
  message: 'Server on 4000 running. NodeENV: production  ',
  level: 'info',
  timestamp: '2024-11-02 12:10:51.589 PM'
}
{
  message: 'Server on 4000 running. NodeENV: production  ',
  level: 'info',
  timestamp: '2024-11-02 12:21:25.161 PM'
}
{
  message: 'Server on 4000 running. NodeENV: production  ',
  level: 'info',
  timestamp: '2024-11-02 12:41:28.375 PM'
}
{
  message: 'Server on 4000 running. NodeENV: production  ',
  level: 'info',
  timestamp: '2024-11-02 01:03:44.959 PM'
}
{
  message: 'Server on 4000 running. NodeENV: production  ',
  level: 'info',
  timestamp: '2024-11-02 01:10:25.550 PM'
}
{
  message: 'Server on 4000 running. NodeENV: production  ',
  level: 'info',
  timestamp: '2024-11-02 01:22:23.759 PM'
}
{
  message: 'Server on 4000 running. NodeENV: production  ',
  level: 'info',
  timestamp: '2024-11-02 01:36:04.920 PM'
}
{
  message: 'Server on 4000 running. NodeENV: production  ',
  level: 'info',
  timestamp: '2024-11-02 01:39:26.135 PM'
}
{
  message: 'Server on 4000 running. NodeENV: production  ',
  level: 'info',
  timestamp: '2024-11-02 01:40:11.857 PM'
}
{
  message: 'Server on 4000 running. NodeENV: production  ',
  level: 'info',
  timestamp: '2024-11-02 01:41:48.769 PM'
}
