{
  message: 'Server on 4000 running. NodeENV: development  ',
  level: 'info',
  timestamp: '2024-10-15 08:30:39.424 AM'
}
{
  message: 'Server on 4000 running. NodeENV: development  ',
  level: 'info',
  timestamp: '2024-10-15 09:02:40.603 AM'
}
{
  message: 'Server on 4000 running. NodeENV: development  ',
  level: 'info',
  timestamp: '2024-10-15 09:03:40.740 AM'
}
{
  message: 'Server on 4000 running. NodeENV: development  ',
  level: 'info',
  timestamp: '2024-10-15 09:05:11.465 AM'
}
{
  message: 'Server on 4000 running. NodeENV: development  ',
  level: 'info',
  timestamp: '2024-10-15 09:17:27.437 AM'
}
{
  message: 'Server on 4000 running. NodeENV: development  ',
  level: 'info',
  timestamp: '2024-10-15 09:20:06.383 AM'
}
{
  error: MongooseError: Operation `chats.find()` buffering timed out after 10000ms
      at Timeout.<anonymous> (D:\Projects\chat-app\node_modules\mongoose\lib\drivers\node-mongodb-native\collection.js:185:23)
      at listOnTimeout (node:internal/timers:573:17)
      at processTimers (node:internal/timers:514:7),
  level: 'error',
  message: 'unhandledRejection: Operation `chats.find()` buffering timed out after 10000ms\n' +
    'MongooseError: Operation `chats.find()` buffering timed out after 10000ms\n' +
    '    at Timeout.<anonymous> (D:\\Projects\\chat-app\\node_modules\\mongoose\\lib\\drivers\\node-mongodb-native\\collection.js:185:23)\n' +
    '    at listOnTimeout (node:internal/timers:573:17)\n' +
    '    at processTimers (node:internal/timers:514:7)',
  stack: 'MongooseError: Operation `chats.find()` buffering timed out after 10000ms\n' +
    '    at Timeout.<anonymous> (D:\\Projects\\chat-app\\node_modules\\mongoose\\lib\\drivers\\node-mongodb-native\\collection.js:185:23)\n' +
    '    at listOnTimeout (node:internal/timers:573:17)\n' +
    '    at processTimers (node:internal/timers:514:7)',
  rejection: true,
  date: 'Tue Oct 15 2024 09:20:16 GMT+0300 (Восточная Европа, летнее время)',
  process: {
    pid: 11548,
    uid: null,
    gid: null,
    cwd: 'D:\\Projects\\chat-app',
    execPath: 'C:\\Program Files\\nodejs\\node.exe',
    version: 'v20.12.2',
    argv: [
      'D:\\Projects\\chat-app\\node_modules\\ts-node\\dist\\bin.js',
      'D:\\Projects\\chat-app\\backend\\app.ts'
    ],
    memoryUsage: {
      rss: 403402752,
      heapTotal: 353820672,
      heapUsed: 324937408,
      external: 28456185,
      arrayBuffers: 24347817
    }
  },
  os: { loadavg: [ 0, 0, 0 ], uptime: 231009.375 },
  trace: [
    {
      column: 23,
      file: 'D:\\Projects\\chat-app\\node_modules\\mongoose\\lib\\drivers\\node-mongodb-native\\collection.js',
      function: null,
      line: 185,
      method: null,
      native: false
    },
    {
      column: 17,
      file: 'node:internal/timers',
      function: 'listOnTimeout',
      line: 573,
      method: null,
      native: false
    },
    {
      column: 7,
      file: 'node:internal/timers',
      function: 'processTimers',
      line: 514,
      method: null,
      native: false
    }
  ],
  timestamp: '2024-10-15 09:20:16.428 AM'
}
{
  message: 'Server on 4000 running. NodeENV: development  ',
  level: 'info',
  timestamp: '2024-10-15 09:21:02.533 AM'
}
{
  message: 'Server on 4000 running. NodeENV: development  ',
  level: 'info',
  timestamp: '2024-10-15 09:23:27.790 AM'
}
{
  message: 'Server on 4000 running. NodeENV: development  ',
  level: 'info',
  timestamp: '2024-10-15 09:24:06.249 AM'
}
{
  message: 'Server on 4000 running. NodeENV: development  ',
  level: 'info',
  timestamp: '2024-10-15 09:26:24.803 AM'
}
{
  message: 'Server on 4000 running. NodeENV: development  ',
  level: 'info',
  timestamp: '2024-10-15 09:30:16.285 AM'
}
{
  message: 'Server on 4000 running. NodeENV: development  ',
  level: 'info',
  timestamp: '2024-10-15 09:30:27.090 AM'
}
{
  message: 'Server on 4000 running. NodeENV: development  ',
  level: 'info',
  timestamp: '2024-10-15 09:33:05.221 AM'
}
{
  message: 'Server on 4000 running. NodeENV: development  ',
  level: 'info',
  timestamp: '2024-10-15 09:33:23.163 AM'
}
{
  message: 'Server on 4000 running. NodeENV: development  ',
  level: 'info',
  timestamp: '2024-10-15 09:45:14.682 AM'
}
{
  message: 'Server on 4000 running. NodeENV: development  ',
  level: 'info',
  timestamp: '2024-10-15 09:45:24.222 AM'
}
{
  message: 'Server on 4000 running. NodeENV: development  ',
  level: 'info',
  timestamp: '2024-10-15 09:47:46.105 AM'
}
{
  message: 'Server on 4000 running. NodeENV: development  ',
  level: 'info',
  timestamp: '2024-10-15 09:48:41.885 AM'
}
{
  message: 'Server on 4000 running. NodeENV: development  ',
  level: 'info',
  timestamp: '2024-10-15 10:04:26.863 AM'
}
{
  message: 'Server on 4000 running. NodeENV: development  ',
  level: 'info',
  timestamp: '2024-10-15 10:04:55.438 AM'
}
{
  message: 'Server on 4000 running. NodeENV: development  ',
  level: 'info',
  timestamp: '2024-10-15 10:05:17.484 AM'
}
{
  message: 'Server on 4000 running. NodeENV: development  ',
  level: 'info',
  timestamp: '2024-10-15 10:06:33.520 AM'
}
{
  message: 'Server on 4000 running. NodeENV: development  ',
  level: 'info',
  timestamp: '2024-10-15 10:06:40.168 AM'
}
{
  message: 'Server on 4000 running. NodeENV: development  ',
  level: 'info',
  timestamp: '2024-10-15 10:06:54.521 AM'
}
{
  message: 'Server on 4000 running. NodeENV: development  ',
  level: 'info',
  timestamp: '2024-10-15 10:07:41.407 AM'
}
{
  message: 'Server on 4000 running. NodeENV: development  ',
  level: 'info',
  timestamp: '2024-10-15 10:08:31.844 AM'
}
{
  message: 'Server on 4000 running. NodeENV: development  ',
  level: 'info',
  timestamp: '2024-10-15 10:08:40.832 AM'
}
{
  message: 'Server on 4000 running. NodeENV: development  ',
  level: 'info',
  timestamp: '2024-10-15 10:09:35.104 AM'
}
{
  message: 'Server on 4000 running. NodeENV: development  ',
  level: 'info',
  timestamp: '2024-10-15 10:10:06.971 AM'
}
{
  message: 'Server on 4000 running. NodeENV: development  ',
  level: 'info',
  timestamp: '2024-10-15 10:10:25.441 AM'
}
{
  message: 'Server on 4000 running. NodeENV: development  ',
  level: 'info',
  timestamp: '2024-10-15 10:10:38.709 AM'
}
{
  message: 'Server on 4000 running. NodeENV: development  ',
  level: 'info',
  timestamp: '2024-10-15 10:11:44.747 AM'
}
{
  message: 'Server on 4000 running. NodeENV: development  ',
  level: 'info',
  timestamp: '2024-10-15 10:12:16.985 AM'
}
{
  message: 'Server on 4000 running. NodeENV: development  ',
  level: 'info',
  timestamp: '2024-10-15 10:12:30.498 AM'
}
{
  message: 'Server on 4000 running. NodeENV: development  ',
  level: 'info',
  timestamp: '2024-10-15 10:12:47.306 AM'
}
{
  message: 'Server on 4000 running. NodeENV: development  ',
  level: 'info',
  timestamp: '2024-10-15 10:14:00.945 AM'
}
{
  message: 'Server on 4000 running. NodeENV: development  ',
  level: 'info',
  timestamp: '2024-10-15 10:16:19.081 AM'
}
{
  message: 'Server on 4000 running. NodeENV: development  ',
  level: 'info',
  timestamp: '2024-10-15 10:16:45.207 AM'
}
{
  message: 'Server on 4000 running. NodeENV: development  ',
  level: 'info',
  timestamp: '2024-10-15 10:16:58.488 AM'
}
{
  message: 'Server on 4000 running. NodeENV: development  ',
  level: 'info',
  timestamp: '2024-10-15 10:18:28.145 AM'
}
{
  message: 'Server on 4000 running. NodeENV: development  ',
  level: 'info',
  timestamp: '2024-10-15 10:18:36.272 AM'
}
{
  message: 'Server on 4000 running. NodeENV: development  ',
  level: 'info',
  timestamp: '2024-10-15 10:20:16.673 AM'
}
{
  message: 'Server on 4000 running. NodeENV: development  ',
  level: 'info',
  timestamp: '2024-10-15 10:21:19.706 AM'
}
{
  message: 'Server on 4000 running. NodeENV: development  ',
  level: 'info',
  timestamp: '2024-10-15 10:23:26.360 AM'
}
{
  message: 'Server on 4000 running. NodeENV: development  ',
  level: 'info',
  timestamp: '2024-10-15 10:33:16.754 AM'
}
{
  message: 'Server on 4000 running. NodeENV: development  ',
  level: 'info',
  timestamp: '2024-10-15 10:39:01.364 AM'
}
{
  message: 'Server on 4000 running. NodeENV: development  ',
  level: 'info',
  timestamp: '2024-10-15 10:40:03.584 AM'
}
{
  message: 'Server on 4000 running. NodeENV: development  ',
  level: 'info',
  timestamp: '2024-10-15 10:40:16.203 AM'
}
{
  message: 'Server on 4000 running. NodeENV: development  ',
  level: 'info',
  timestamp: '2024-10-15 10:41:08.223 AM'
}
{
  message: 'Server on 4000 running. NodeENV: development  ',
  level: 'info',
  timestamp: '2024-10-15 11:02:34.975 AM'
}
{
  message: 'Server on 4000 running. NodeENV: development  ',
  level: 'info',
  timestamp: '2024-10-15 11:03:38.673 AM'
}
{
  message: 'Server on 4000 running. NodeENV: development  ',
  level: 'info',
  timestamp: '2024-10-15 11:20:29.008 AM'
}
{
  message: 'Server on 4000 running. NodeENV: development  ',
  level: 'info',
  timestamp: '2024-10-15 11:29:41.567 AM'
}
