{
  message: 'Server on 4000 running. NodeENV: development  ',
  level: 'info',
  timestamp: '2024-10-14 01:33:51.178 PM'
}
{
  message: 'Server on 4000 running. NodeENV: development  ',
  level: 'info',
  timestamp: '2024-10-14 01:37:59.838 PM'
}
{
  message: 'Server on 4000 running. NodeENV: development  ',
  level: 'info',
  timestamp: '2024-10-14 01:50:39.173 PM'
}
{
  message: 'Server on 4000 running. NodeENV: development  ',
  level: 'info',
  timestamp: '2024-10-14 01:52:36.857 PM'
}
{
  message: 'Server on 4000 running. NodeENV: development  ',
  level: 'info',
  timestamp: '2024-10-14 01:52:52.222 PM'
}
{
  message: 'Server on 4000 running. NodeENV: development  ',
  level: 'info',
  timestamp: '2024-10-14 02:14:22.510 PM'
}
{
  message: 'Server on 4000 running. NodeENV: development  ',
  level: 'info',
  timestamp: '2024-10-14 02:14:45.722 PM'
}
{
  message: 'Server on 4000 running. NodeENV: development  ',
  level: 'info',
  timestamp: '2024-10-14 02:17:31.856 PM'
}
{
  message: 'Server on 4000 running. NodeENV: development  ',
  level: 'info',
  timestamp: '2024-10-14 02:17:49.879 PM'
}
{
  message: 'Server on 4000 running. NodeENV: development  ',
  level: 'info',
  timestamp: '2024-10-14 02:18:24.032 PM'
}
{
  message: 'Server on 4000 running. NodeENV: development  ',
  level: 'info',
  timestamp: '2024-10-14 02:18:45.527 PM'
}
{
  message: 'Server on 4000 running. NodeENV: development  ',
  level: 'info',
  timestamp: '2024-10-14 02:26:44.853 PM'
}
{
  message: 'Server on 4000 running. NodeENV: development  ',
  level: 'info',
  timestamp: '2024-10-14 02:26:51.382 PM'
}
{
  message: 'Server on 4000 running. NodeENV: development  ',
  level: 'info',
  timestamp: '2024-10-14 02:27:18.038 PM'
}
{
  message: 'Server on 4000 running. NodeENV: development  ',
  level: 'info',
  timestamp: '2024-10-14 02:32:02.434 PM'
}
{
  message: 'Server on 4000 running. NodeENV: development  ',
  level: 'info',
  timestamp: '2024-10-14 02:32:24.539 PM'
}
{
  message: 'Server on 4000 running. NodeENV: development  ',
  level: 'info',
  timestamp: '2024-10-14 02:32:33.685 PM'
}
{
  message: 'Server on 4000 running. NodeENV: development  ',
  level: 'info',
  timestamp: '2024-10-14 02:32:53.466 PM'
}
{
  message: 'Server on 4000 running. NodeENV: development  ',
  level: 'info',
  timestamp: '2024-10-14 02:33:20.157 PM'
}
{
  message: 'Server on 4000 running. NodeENV: development  ',
  level: 'info',
  timestamp: '2024-10-14 02:33:27.803 PM'
}
{
  message: 'Server on 4000 running. NodeENV: development  ',
  level: 'info',
  timestamp: '2024-10-14 02:33:34.574 PM'
}
{
  message: 'Server on 4000 running. NodeENV: development  ',
  level: 'info',
  timestamp: '2024-10-14 02:35:51.637 PM'
}
{
  message: 'Server on 4000 running. NodeENV: development  ',
  level: 'info',
  timestamp: '2024-10-14 02:40:50.267 PM'
}
{
  message: 'Server on 4000 running. NodeENV: development  ',
  level: 'info',
  timestamp: '2024-10-14 02:41:13.918 PM'
}
{
  message: 'Server on 4000 running. NodeENV: development  ',
  level: 'info',
  timestamp: '2024-10-14 02:41:37.827 PM'
}
{
  message: 'Server on 4000 running. NodeENV: development  ',
  level: 'info',
  timestamp: '2024-10-14 02:44:49.781 PM'
}
{
  message: 'Server on 4000 running. NodeENV: development  ',
  level: 'info',
  timestamp: '2024-10-14 02:45:09.109 PM'
}
{
  message: 'Server on 4000 running. NodeENV: development  ',
  level: 'info',
  timestamp: '2024-10-14 02:47:32.453 PM'
}
{
  message: 'Server on 4000 running. NodeENV: development  ',
  level: 'info',
  timestamp: '2024-10-14 02:50:20.315 PM'
}
{
  message: 'Server on 4000 running. NodeENV: development  ',
  level: 'info',
  timestamp: '2024-10-14 02:50:42.968 PM'
}
{
  message: 'Server on 4000 running. NodeENV: development  ',
  level: 'info',
  timestamp: '2024-10-14 02:50:47.478 PM'
}
{
  message: 'Server on 4000 running. NodeENV: development  ',
  level: 'info',
  timestamp: '2024-10-14 02:52:53.184 PM'
}
{
  message: 'Server on 4000 running. NodeENV: development  ',
  level: 'info',
  timestamp: '2024-10-14 02:53:04.590 PM'
}
{
  message: 'Server on 4000 running. NodeENV: development  ',
  level: 'info',
  timestamp: '2024-10-14 02:53:25.438 PM'
}
{
  message: 'Server on 4000 running. NodeENV: development  ',
  level: 'info',
  timestamp: '2024-10-14 03:19:06.863 PM'
}
{
  message: 'Server on 4000 running. NodeENV: development  ',
  level: 'info',
  timestamp: '2024-10-14 03:19:11.829 PM'
}
{
  message: 'Server on 4000 running. NodeENV: development  ',
  level: 'info',
  timestamp: '2024-10-14 03:19:26.646 PM'
}
{
  message: 'Server on 4000 running. NodeENV: development  ',
  level: 'info',
  timestamp: '2024-10-14 03:20:00.374 PM'
}
{
  message: 'Server on 4000 running. NodeENV: development  ',
  level: 'info',
  timestamp: '2024-10-14 03:20:22.640 PM'
}
{
  message: 'Server on 4000 running. NodeENV: development  ',
  level: 'info',
  timestamp: '2024-10-14 03:20:48.687 PM'
}
{
  message: 'Server on 4000 running. NodeENV: development  ',
  level: 'info',
  timestamp: '2024-10-14 03:21:06.386 PM'
}
{
  message: 'Server on 4000 running. NodeENV: development  ',
  level: 'info',
  timestamp: '2024-10-14 03:32:16.741 PM'
}
{
  message: 'Server on 4000 running. NodeENV: development  ',
  level: 'info',
  timestamp: '2024-10-14 03:36:48.515 PM'
}
{
  message: 'Server on 4000 running. NodeENV: development  ',
  level: 'info',
  timestamp: '2024-10-14 03:36:58.841 PM'
}
{
  message: 'Server on 4000 running. NodeENV: development  ',
  level: 'info',
  timestamp: '2024-10-14 03:37:12.721 PM'
}
{
  message: 'Server on 4000 running. NodeENV: development  ',
  level: 'info',
  timestamp: '2024-10-14 03:37:23.760 PM'
}
{
  message: 'Server on 4000 running. NodeENV: development  ',
  level: 'info',
  timestamp: '2024-10-14 03:38:17.264 PM'
}
{
  message: 'Server on 4000 running. NodeENV: development  ',
  level: 'info',
  timestamp: '2024-10-14 03:41:30.713 PM'
}
{
  message: 'Server on 4000 running. NodeENV: development  ',
  level: 'info',
  timestamp: '2024-10-14 03:41:38.175 PM'
}
{
  message: 'Server on 4000 running. NodeENV: development  ',
  level: 'info',
  timestamp: '2024-10-14 03:41:55.073 PM'
}
{
  message: 'Server on 4000 running. NodeENV: development  ',
  level: 'info',
  timestamp: '2024-10-14 03:42:22.571 PM'
}
{
  message: 'Server on 4000 running. NodeENV: development  ',
  level: 'info',
  timestamp: '2024-10-14 03:44:24.974 PM'
}
{
  message: 'Server on 4000 running. NodeENV: development  ',
  level: 'info',
  timestamp: '2024-10-14 03:44:42.224 PM'
}
{
  message: 'Server on 4000 running. NodeENV: development  ',
  level: 'info',
  timestamp: '2024-10-14 03:44:50.241 PM'
}
{
  message: 'Server on 4000 running. NodeENV: development  ',
  level: 'info',
  timestamp: '2024-10-14 03:45:02.553 PM'
}
{
  message: 'Server on 4000 running. NodeENV: development  ',
  level: 'info',
  timestamp: '2024-10-14 03:45:17.528 PM'
}
{
  message: 'Server on 4000 running. NodeENV: development  ',
  level: 'info',
  timestamp: '2024-10-14 03:45:35.527 PM'
}
{
  message: 'Server on 4000 running. NodeENV: development  ',
  level: 'info',
  timestamp: '2024-10-14 03:45:39.447 PM'
}
{
  message: 'Server on 4000 running. NodeENV: development  ',
  level: 'info',
  timestamp: '2024-10-14 03:46:35.711 PM'
}
{
  message: 'Server on 4000 running. NodeENV: development  ',
  level: 'info',
  timestamp: '2024-10-14 03:49:39.406 PM'
}
{
  message: 'Server on 4000 running. NodeENV: development  ',
  level: 'info',
  timestamp: '2024-10-14 03:50:01.856 PM'
}
{
  message: 'Server on 4000 running. NodeENV: development  ',
  level: 'info',
  timestamp: '2024-10-14 03:50:15.428 PM'
}
{
  message: 'Server on 4000 running. NodeENV: development  ',
  level: 'info',
  timestamp: '2024-10-14 03:50:28.774 PM'
}
{
  message: 'Server on 4000 running. NodeENV: development  ',
  level: 'info',
  timestamp: '2024-10-14 03:50:40.612 PM'
}
{
  message: 'Server on 4000 running. NodeENV: development  ',
  level: 'info',
  timestamp: '2024-10-14 03:52:03.181 PM'
}
{
  message: 'Server on 4000 running. NodeENV: development  ',
  level: 'info',
  timestamp: '2024-10-14 03:52:12.767 PM'
}
{
  message: 'Server on 4000 running. NodeENV: development  ',
  level: 'info',
  timestamp: '2024-10-14 03:52:29.068 PM'
}
{
  message: 'Server on 4000 running. NodeENV: development  ',
  level: 'info',
  timestamp: '2024-10-14 03:52:43.367 PM'
}
{
  message: 'Server on 4000 running. NodeENV: development  ',
  level: 'info',
  timestamp: '2024-10-14 03:53:50.742 PM'
}
{
  message: 'Server on 4000 running. NodeENV: development  ',
  level: 'info',
  timestamp: '2024-10-14 03:53:57.527 PM'
}
{
  message: 'Server on 4000 running. NodeENV: development  ',
  level: 'info',
  timestamp: '2024-10-14 03:54:09.910 PM'
}
{
  message: 'Server on 4000 running. NodeENV: development  ',
  level: 'info',
  timestamp: '2024-10-14 03:54:49.206 PM'
}
{
  message: 'Server on 4000 running. NodeENV: development  ',
  level: 'info',
  timestamp: '2024-10-14 03:55:39.082 PM'
}
{
  message: 'Server on 4000 running. NodeENV: development  ',
  level: 'info',
  timestamp: '2024-10-14 03:56:20.812 PM'
}
{
  message: 'Server on 4000 running. NodeENV: development  ',
  level: 'info',
  timestamp: '2024-10-14 03:56:48.724 PM'
}
{
  message: 'Server on 4000 running. NodeENV: development  ',
  level: 'info',
  timestamp: '2024-10-14 03:57:17.731 PM'
}
{
  message: 'Server on 4000 running. NodeENV: development  ',
  level: 'info',
  timestamp: '2024-10-14 03:58:18.879 PM'
}
{
  message: 'Server on 4000 running. NodeENV: development  ',
  level: 'info',
  timestamp: '2024-10-14 03:58:25.186 PM'
}
{
  message: 'Server on 4000 running. NodeENV: development  ',
  level: 'info',
  timestamp: '2024-10-14 03:59:37.325 PM'
}
{
  message: 'Server on 4000 running. NodeENV: development  ',
  level: 'info',
  timestamp: '2024-10-14 04:00:06.015 PM'
}
{
  message: 'Server on 4000 running. NodeENV: development  ',
  level: 'info',
  timestamp: '2024-10-14 04:04:35.457 PM'
}
{
  message: 'Server on 4000 running. NodeENV: development  ',
  level: 'info',
  timestamp: '2024-10-14 04:04:43.333 PM'
}
{
  message: 'Server on 4000 running. NodeENV: development  ',
  level: 'info',
  timestamp: '2024-10-14 04:04:48.465 PM'
}
{
  message: 'Server on 4000 running. NodeENV: development  ',
  level: 'info',
  timestamp: '2024-10-14 04:04:58.116 PM'
}
{
  message: 'Server on 4000 running. NodeENV: development  ',
  level: 'info',
  timestamp: '2024-10-14 04:21:05.535 PM'
}
{
  message: 'Server on 4000 running. NodeENV: development  ',
  level: 'info',
  timestamp: '2024-10-14 04:21:35.443 PM'
}
{
  message: 'Server on 4000 running. NodeENV: development  ',
  level: 'info',
  timestamp: '2024-10-14 04:21:45.250 PM'
}
{
  message: 'Server on 4000 running. NodeENV: development  ',
  level: 'info',
  timestamp: '2024-10-14 04:22:52.297 PM'
}
{
  message: 'Server on 4000 running. NodeENV: development  ',
  level: 'info',
  timestamp: '2024-10-14 04:23:55.948 PM'
}
{
  message: 'Server on 4000 running. NodeENV: development  ',
  level: 'info',
  timestamp: '2024-10-14 04:29:08.479 PM'
}
{
  error: MongooseError: Operation `chats.find()` buffering timed out after 10000ms
      at Timeout.<anonymous> (D:\Projects\chat-app\node_modules\mongoose\lib\drivers\node-mongodb-native\collection.js:185:23)
      at listOnTimeout (node:internal/timers:573:17)
      at processTimers (node:internal/timers:514:7),
  level: 'error',
  message: 'unhandledRejection: Operation `chats.find()` buffering timed out after 10000ms\n' +
    'MongooseError: Operation `chats.find()` buffering timed out after 10000ms\n' +
    '    at Timeout.<anonymous> (D:\\Projects\\chat-app\\node_modules\\mongoose\\lib\\drivers\\node-mongodb-native\\collection.js:185:23)\n' +
    '    at listOnTimeout (node:internal/timers:573:17)\n' +
    '    at processTimers (node:internal/timers:514:7)',
  stack: 'MongooseError: Operation `chats.find()` buffering timed out after 10000ms\n' +
    '    at Timeout.<anonymous> (D:\\Projects\\chat-app\\node_modules\\mongoose\\lib\\drivers\\node-mongodb-native\\collection.js:185:23)\n' +
    '    at listOnTimeout (node:internal/timers:573:17)\n' +
    '    at processTimers (node:internal/timers:514:7)',
  rejection: true,
  date: 'Mon Oct 14 2024 16:29:18 GMT+0300 (Восточная Европа, летнее время)',
  process: {
    pid: 13836,
    uid: null,
    gid: null,
    cwd: 'D:\\Projects\\chat-app',
    execPath: 'C:\\Program Files\\nodejs\\node.exe',
    version: 'v20.12.2',
    argv: [
      'D:\\Projects\\chat-app\\node_modules\\ts-node\\dist\\bin.js',
      'D:\\Projects\\chat-app\\backend\\app.ts'
    ],
    memoryUsage: {
      rss: 406540288,
      heapTotal: 354500608,
      heapUsed: 325586952,
      external: 28447966,
      arrayBuffers: 24339598
    }
  },
  os: { loadavg: [ 0, 0, 0 ], uptime: 170348.421 },
  trace: [
    {
      column: 23,
      file: 'D:\\Projects\\chat-app\\node_modules\\mongoose\\lib\\drivers\\node-mongodb-native\\collection.js',
      function: null,
      line: 185,
      method: null,
      native: false
    },
    {
      column: 17,
      file: 'node:internal/timers',
      function: 'listOnTimeout',
      line: 573,
      method: null,
      native: false
    },
    {
      column: 7,
      file: 'node:internal/timers',
      function: 'processTimers',
      line: 514,
      method: null,
      native: false
    }
  ],
  timestamp: '2024-10-14 04:29:18.678 PM'
}
{
  message: 'Server on 4000 running. NodeENV: development  ',
  level: 'info',
  timestamp: '2024-10-14 04:29:25.404 PM'
}
{
  error: MongooseError: Operation `chats.find()` buffering timed out after 10000ms
      at Timeout.<anonymous> (D:\Projects\chat-app\node_modules\mongoose\lib\drivers\node-mongodb-native\collection.js:185:23)
      at listOnTimeout (node:internal/timers:573:17)
      at processTimers (node:internal/timers:514:7),
  level: 'error',
  message: 'unhandledRejection: Operation `chats.find()` buffering timed out after 10000ms\n' +
    'MongooseError: Operation `chats.find()` buffering timed out after 10000ms\n' +
    '    at Timeout.<anonymous> (D:\\Projects\\chat-app\\node_modules\\mongoose\\lib\\drivers\\node-mongodb-native\\collection.js:185:23)\n' +
    '    at listOnTimeout (node:internal/timers:573:17)\n' +
    '    at processTimers (node:internal/timers:514:7)',
  stack: 'MongooseError: Operation `chats.find()` buffering timed out after 10000ms\n' +
    '    at Timeout.<anonymous> (D:\\Projects\\chat-app\\node_modules\\mongoose\\lib\\drivers\\node-mongodb-native\\collection.js:185:23)\n' +
    '    at listOnTimeout (node:internal/timers:573:17)\n' +
    '    at processTimers (node:internal/timers:514:7)',
  rejection: true,
  date: 'Mon Oct 14 2024 16:29:35 GMT+0300 (Восточная Европа, летнее время)',
  process: {
    pid: 5712,
    uid: null,
    gid: null,
    cwd: 'D:\\Projects\\chat-app',
    execPath: 'C:\\Program Files\\nodejs\\node.exe',
    version: 'v20.12.2',
    argv: [
      'D:\\Projects\\chat-app\\node_modules\\ts-node\\dist\\bin.js',
      'D:\\Projects\\chat-app\\backend\\app.ts'
    ],
    memoryUsage: {
      rss: 405307392,
      heapTotal: 354500608,
      heapUsed: 325168080,
      external: 28447998,
      arrayBuffers: 24339630
    }
  },
  os: { loadavg: [ 0, 0, 0 ], uptime: 170365.421 },
  trace: [
    {
      column: 23,
      file: 'D:\\Projects\\chat-app\\node_modules\\mongoose\\lib\\drivers\\node-mongodb-native\\collection.js',
      function: null,
      line: 185,
      method: null,
      native: false
    },
    {
      column: 17,
      file: 'node:internal/timers',
      function: 'listOnTimeout',
      line: 573,
      method: null,
      native: false
    },
    {
      column: 7,
      file: 'node:internal/timers',
      function: 'processTimers',
      line: 514,
      method: null,
      native: false
    }
  ],
  timestamp: '2024-10-14 04:29:35.666 PM'
}
{
  message: 'Server on 4000 running. NodeENV: development  ',
  level: 'info',
  timestamp: '2024-10-14 04:29:47.814 PM'
}
{
  message: 'Server on 4000 running. NodeENV: development  ',
  level: 'info',
  timestamp: '2024-10-14 04:30:15.934 PM'
}
{
  error: StrictPopulateError: Cannot populate path `User` because it is not in your schema. Set the `strictPopulate` option to false to override.
      at getModelsMapForPopulate (D:\Projects\chat-app\node_modules\mongoose\lib\helpers\populate\getModelsMapForPopulate.js:50:12)
      at populate (D:\Projects\chat-app\node_modules\mongoose\lib\model.js:4183:21)
      at _populate (D:\Projects\chat-app\node_modules\mongoose\lib\model.js:4143:5)
      at D:\Projects\chat-app\node_modules\mongoose\lib\model.js:4115:5
      at new Promise (<anonymous>)
      at Function.populate (D:\Projects\chat-app\node_modules\mongoose\lib\model.js:4114:10)
      at model.Query._find (D:\Projects\chat-app\node_modules\mongoose\lib\query.js:2347:20)
      at processTicksAndRejections (node:internal/process/task_queues:95:5)
      at async model.Query.exec (D:\Projects\chat-app\node_modules\mongoose\lib\query.js:4401:63) {
    path: 'User'
  },
  level: 'error',
  message: 'unhandledRejection: Cannot populate path `User` because it is not in your schema. Set the `strictPopulate` option to false to override.\n' +
    'StrictPopulateError: Cannot populate path `User` because it is not in your schema. Set the `strictPopulate` option to false to override.\n' +
    '    at getModelsMapForPopulate (D:\\Projects\\chat-app\\node_modules\\mongoose\\lib\\helpers\\populate\\getModelsMapForPopulate.js:50:12)\n' +
    '    at populate (D:\\Projects\\chat-app\\node_modules\\mongoose\\lib\\model.js:4183:21)\n' +
    '    at _populate (D:\\Projects\\chat-app\\node_modules\\mongoose\\lib\\model.js:4143:5)\n' +
    '    at D:\\Projects\\chat-app\\node_modules\\mongoose\\lib\\model.js:4115:5\n' +
    '    at new Promise (<anonymous>)\n' +
    '    at Function.populate (D:\\Projects\\chat-app\\node_modules\\mongoose\\lib\\model.js:4114:10)\n' +
    '    at model.Query._find (D:\\Projects\\chat-app\\node_modules\\mongoose\\lib\\query.js:2347:20)\n' +
    '    at processTicksAndRejections (node:internal/process/task_queues:95:5)\n' +
    '    at async model.Query.exec (D:\\Projects\\chat-app\\node_modules\\mongoose\\lib\\query.js:4401:63)',
  stack: 'StrictPopulateError: Cannot populate path `User` because it is not in your schema. Set the `strictPopulate` option to false to override.\n' +
    '    at getModelsMapForPopulate (D:\\Projects\\chat-app\\node_modules\\mongoose\\lib\\helpers\\populate\\getModelsMapForPopulate.js:50:12)\n' +
    '    at populate (D:\\Projects\\chat-app\\node_modules\\mongoose\\lib\\model.js:4183:21)\n' +
    '    at _populate (D:\\Projects\\chat-app\\node_modules\\mongoose\\lib\\model.js:4143:5)\n' +
    '    at D:\\Projects\\chat-app\\node_modules\\mongoose\\lib\\model.js:4115:5\n' +
    '    at new Promise (<anonymous>)\n' +
    '    at Function.populate (D:\\Projects\\chat-app\\node_modules\\mongoose\\lib\\model.js:4114:10)\n' +
    '    at model.Query._find (D:\\Projects\\chat-app\\node_modules\\mongoose\\lib\\query.js:2347:20)\n' +
    '    at processTicksAndRejections (node:internal/process/task_queues:95:5)\n' +
    '    at async model.Query.exec (D:\\Projects\\chat-app\\node_modules\\mongoose\\lib\\query.js:4401:63)',
  rejection: true,
  date: 'Mon Oct 14 2024 16:30:17 GMT+0300 (Восточная Европа, летнее время)',
  process: {
    pid: 17400,
    uid: null,
    gid: null,
    cwd: 'D:\\Projects\\chat-app',
    execPath: 'C:\\Program Files\\nodejs\\node.exe',
    version: 'v20.12.2',
    argv: [
      'D:\\Projects\\chat-app\\node_modules\\ts-node\\dist\\bin.js',
      'D:\\Projects\\chat-app\\backend\\app.ts'
    ],
    memoryUsage: {
      rss: 420401152,
      heapTotal: 365785088,
      heapUsed: 333177264,
      external: 29701879,
      arrayBuffers: 25593491
    }
  },
  os: { loadavg: [ 0, 0, 0 ], uptime: 170407.125 },
  trace: [
    {
      column: 12,
      file: 'D:\\Projects\\chat-app\\node_modules\\mongoose\\lib\\helpers\\populate\\getModelsMapForPopulate.js',
      function: 'getModelsMapForPopulate',
      line: 50,
      method: null,
      native: false
    },
    {
      column: 21,
      file: 'D:\\Projects\\chat-app\\node_modules\\mongoose\\lib\\model.js',
      function: 'populate',
      line: 4183,
      method: null,
      native: false
    },
    {
      column: 5,
      file: 'D:\\Projects\\chat-app\\node_modules\\mongoose\\lib\\model.js',
      function: '_populate',
      line: 4143,
      method: null,
      native: false
    },
    {
      column: 5,
      file: 'D:\\Projects\\chat-app\\node_modules\\mongoose\\lib\\model.js',
      function: null,
      line: 4115,
      method: null,
      native: false
    },
    {
      column: null,
      file: null,
      function: 'new Promise',
      line: null,
      method: null,
      native: false
    },
    {
      column: 10,
      file: 'D:\\Projects\\chat-app\\node_modules\\mongoose\\lib\\model.js',
      function: 'Function.populate',
      line: 4114,
      method: 'populate',
      native: false
    },
    {
      column: 20,
      file: 'D:\\Projects\\chat-app\\node_modules\\mongoose\\lib\\query.js',
      function: 'model.Query._find',
      line: 2347,
      method: '_find',
      native: false
    },
    {
      column: 5,
      file: 'node:internal/process/task_queues',
      function: 'processTicksAndRejections',
      line: 95,
      method: null,
      native: false
    },
    {
      column: 63,
      file: 'D:\\Projects\\chat-app\\node_modules\\mongoose\\lib\\query.js',
      function: 'async model.Query.exec',
      line: 4401,
      method: 'exec',
      native: false
    }
  ],
  timestamp: '2024-10-14 04:30:17.379 PM'
}
{
  message: 'Server on 4000 running. NodeENV: development  ',
  level: 'info',
  timestamp: '2024-10-14 04:30:42.647 PM'
}
{
  error: StrictPopulateError: Cannot populate path `User` because it is not in your schema. Set the `strictPopulate` option to false to override.
      at getModelsMapForPopulate (D:\Projects\chat-app\node_modules\mongoose\lib\helpers\populate\getModelsMapForPopulate.js:50:12)
      at populate (D:\Projects\chat-app\node_modules\mongoose\lib\model.js:4183:21)
      at _populate (D:\Projects\chat-app\node_modules\mongoose\lib\model.js:4143:5)
      at D:\Projects\chat-app\node_modules\mongoose\lib\model.js:4115:5
      at new Promise (<anonymous>)
      at Function.populate (D:\Projects\chat-app\node_modules\mongoose\lib\model.js:4114:10)
      at model.Query._find (D:\Projects\chat-app\node_modules\mongoose\lib\query.js:2347:20)
      at processTicksAndRejections (node:internal/process/task_queues:95:5)
      at async model.Query.exec (D:\Projects\chat-app\node_modules\mongoose\lib\query.js:4401:63) {
    path: 'User'
  },
  level: 'error',
  message: 'unhandledRejection: Cannot populate path `User` because it is not in your schema. Set the `strictPopulate` option to false to override.\n' +
    'StrictPopulateError: Cannot populate path `User` because it is not in your schema. Set the `strictPopulate` option to false to override.\n' +
    '    at getModelsMapForPopulate (D:\\Projects\\chat-app\\node_modules\\mongoose\\lib\\helpers\\populate\\getModelsMapForPopulate.js:50:12)\n' +
    '    at populate (D:\\Projects\\chat-app\\node_modules\\mongoose\\lib\\model.js:4183:21)\n' +
    '    at _populate (D:\\Projects\\chat-app\\node_modules\\mongoose\\lib\\model.js:4143:5)\n' +
    '    at D:\\Projects\\chat-app\\node_modules\\mongoose\\lib\\model.js:4115:5\n' +
    '    at new Promise (<anonymous>)\n' +
    '    at Function.populate (D:\\Projects\\chat-app\\node_modules\\mongoose\\lib\\model.js:4114:10)\n' +
    '    at model.Query._find (D:\\Projects\\chat-app\\node_modules\\mongoose\\lib\\query.js:2347:20)\n' +
    '    at processTicksAndRejections (node:internal/process/task_queues:95:5)\n' +
    '    at async model.Query.exec (D:\\Projects\\chat-app\\node_modules\\mongoose\\lib\\query.js:4401:63)',
  stack: 'StrictPopulateError: Cannot populate path `User` because it is not in your schema. Set the `strictPopulate` option to false to override.\n' +
    '    at getModelsMapForPopulate (D:\\Projects\\chat-app\\node_modules\\mongoose\\lib\\helpers\\populate\\getModelsMapForPopulate.js:50:12)\n' +
    '    at populate (D:\\Projects\\chat-app\\node_modules\\mongoose\\lib\\model.js:4183:21)\n' +
    '    at _populate (D:\\Projects\\chat-app\\node_modules\\mongoose\\lib\\model.js:4143:5)\n' +
    '    at D:\\Projects\\chat-app\\node_modules\\mongoose\\lib\\model.js:4115:5\n' +
    '    at new Promise (<anonymous>)\n' +
    '    at Function.populate (D:\\Projects\\chat-app\\node_modules\\mongoose\\lib\\model.js:4114:10)\n' +
    '    at model.Query._find (D:\\Projects\\chat-app\\node_modules\\mongoose\\lib\\query.js:2347:20)\n' +
    '    at processTicksAndRejections (node:internal/process/task_queues:95:5)\n' +
    '    at async model.Query.exec (D:\\Projects\\chat-app\\node_modules\\mongoose\\lib\\query.js:4401:63)',
  rejection: true,
  date: 'Mon Oct 14 2024 16:30:44 GMT+0300 (Восточная Европа, летнее время)',
  process: {
    pid: 11140,
    uid: null,
    gid: null,
    cwd: 'D:\\Projects\\chat-app',
    execPath: 'C:\\Program Files\\nodejs\\node.exe',
    version: 'v20.12.2',
    argv: [
      'D:\\Projects\\chat-app\\node_modules\\ts-node\\dist\\bin.js',
      'D:\\Projects\\chat-app\\backend\\app.ts'
    ],
    memoryUsage: {
      rss: 419913728,
      heapTotal: 366309376,
      heapUsed: 333085720,
      external: 29733833,
      arrayBuffers: 25625445
    }
  },
  os: { loadavg: [ 0, 0, 0 ], uptime: 170433.859 },
  trace: [
    {
      column: 12,
      file: 'D:\\Projects\\chat-app\\node_modules\\mongoose\\lib\\helpers\\populate\\getModelsMapForPopulate.js',
      function: 'getModelsMapForPopulate',
      line: 50,
      method: null,
      native: false
    },
    {
      column: 21,
      file: 'D:\\Projects\\chat-app\\node_modules\\mongoose\\lib\\model.js',
      function: 'populate',
      line: 4183,
      method: null,
      native: false
    },
    {
      column: 5,
      file: 'D:\\Projects\\chat-app\\node_modules\\mongoose\\lib\\model.js',
      function: '_populate',
      line: 4143,
      method: null,
      native: false
    },
    {
      column: 5,
      file: 'D:\\Projects\\chat-app\\node_modules\\mongoose\\lib\\model.js',
      function: null,
      line: 4115,
      method: null,
      native: false
    },
    {
      column: null,
      file: null,
      function: 'new Promise',
      line: null,
      method: null,
      native: false
    },
    {
      column: 10,
      file: 'D:\\Projects\\chat-app\\node_modules\\mongoose\\lib\\model.js',
      function: 'Function.populate',
      line: 4114,
      method: 'populate',
      native: false
    },
    {
      column: 20,
      file: 'D:\\Projects\\chat-app\\node_modules\\mongoose\\lib\\query.js',
      function: 'model.Query._find',
      line: 2347,
      method: '_find',
      native: false
    },
    {
      column: 5,
      file: 'node:internal/process/task_queues',
      function: 'processTicksAndRejections',
      line: 95,
      method: null,
      native: false
    },
    {
      column: 63,
      file: 'D:\\Projects\\chat-app\\node_modules\\mongoose\\lib\\query.js',
      function: 'async model.Query.exec',
      line: 4401,
      method: 'exec',
      native: false
    }
  ],
  timestamp: '2024-10-14 04:30:44.116 PM'
}
{
  message: 'Server on 4000 running. NodeENV: development  ',
  level: 'info',
  timestamp: '2024-10-14 04:31:01.799 PM'
}
{
  message: 'Server on 4000 running. NodeENV: development  ',
  level: 'info',
  timestamp: '2024-10-14 04:31:59.222 PM'
}
{
  message: 'Server on 4000 running. NodeENV: development  ',
  level: 'info',
  timestamp: '2024-10-14 04:32:10.852 PM'
}
{
  message: 'Server on 4000 running. NodeENV: development  ',
  level: 'info',
  timestamp: '2024-10-14 04:32:50.892 PM'
}
{
  message: 'Server on 4000 running. NodeENV: development  ',
  level: 'info',
  timestamp: '2024-10-14 04:32:58.026 PM'
}
{
  message: 'Server on 4000 running. NodeENV: development  ',
  level: 'info',
  timestamp: '2024-10-14 04:38:36.443 PM'
}
{
  message: 'Server on 4000 running. NodeENV: development  ',
  level: 'info',
  timestamp: '2024-10-14 04:38:40.981 PM'
}
{
  message: 'Server on 4000 running. NodeENV: development  ',
  level: 'info',
  timestamp: '2024-10-14 04:39:09.565 PM'
}
{
  message: 'Server on 4000 running. NodeENV: development  ',
  level: 'info',
  timestamp: '2024-10-14 04:39:14.676 PM'
}
{
  message: 'Server on 4000 running. NodeENV: development  ',
  level: 'info',
  timestamp: '2024-10-14 04:40:23.020 PM'
}
{
  message: 'Server on 4000 running. NodeENV: development  ',
  level: 'info',
  timestamp: '2024-10-14 04:41:08.846 PM'
}
{
  message: 'Server on 4000 running. NodeENV: development  ',
  level: 'info',
  timestamp: '2024-10-14 04:41:32.336 PM'
}
{
  message: 'Server on 4000 running. NodeENV: development  ',
  level: 'info',
  timestamp: '2024-10-14 04:41:47.142 PM'
}
{
  message: 'Server on 4000 running. NodeENV: development  ',
  level: 'info',
  timestamp: '2024-10-14 04:41:57.099 PM'
}
{
  message: 'Server on 4000 running. NodeENV: development  ',
  level: 'info',
  timestamp: '2024-10-14 04:42:11.660 PM'
}
{
  message: 'Server on 4000 running. NodeENV: development  ',
  level: 'info',
  timestamp: '2024-10-14 04:42:38.657 PM'
}
{
  message: 'Server on 4000 running. NodeENV: development  ',
  level: 'info',
  timestamp: '2024-10-14 04:42:46.748 PM'
}
{
  message: 'Server on 4000 running. NodeENV: development  ',
  level: 'info',
  timestamp: '2024-10-14 04:42:51.985 PM'
}
{
  message: 'Server on 4000 running. NodeENV: development  ',
  level: 'info',
  timestamp: '2024-10-14 04:42:55.909 PM'
}
{
  message: 'Server on 4000 running. NodeENV: development  ',
  level: 'info',
  timestamp: '2024-10-14 04:43:14.452 PM'
}
{
  message: 'Server on 4000 running. NodeENV: development  ',
  level: 'info',
  timestamp: '2024-10-14 04:49:38.514 PM'
}
{
  message: 'Server on 4000 running. NodeENV: development  ',
  level: 'info',
  timestamp: '2024-10-14 04:50:45.078 PM'
}
{
  message: 'Server on 4000 running. NodeENV: development  ',
  level: 'info',
  timestamp: '2024-10-14 04:50:49.010 PM'
}
{
  message: 'Server on 4000 running. NodeENV: development  ',
  level: 'info',
  timestamp: '2024-10-14 04:50:58.006 PM'
}
{
  message: 'Server on 4000 running. NodeENV: development  ',
  level: 'info',
  timestamp: '2024-10-14 04:51:31.949 PM'
}
{
  message: 'Server on 4000 running. NodeENV: development  ',
  level: 'info',
  timestamp: '2024-10-14 04:51:44.489 PM'
}
{
  message: 'Server on 4000 running. NodeENV: development  ',
  level: 'info',
  timestamp: '2024-10-14 04:53:05.199 PM'
}
{
  message: 'Server on 4000 running. NodeENV: development  ',
  level: 'info',
  timestamp: '2024-10-14 04:53:09.543 PM'
}
{
  message: 'Server on 4000 running. NodeENV: development  ',
  level: 'info',
  timestamp: '2024-10-14 04:56:52.542 PM'
}
{
  message: 'Server on 4000 running. NodeENV: development  ',
  level: 'info',
  timestamp: '2024-10-14 04:57:45.290 PM'
}
{
  message: 'Server on 4000 running. NodeENV: development  ',
  level: 'info',
  timestamp: '2024-10-14 04:58:17.515 PM'
}
{
  message: 'Server on 4000 running. NodeENV: development  ',
  level: 'info',
  timestamp: '2024-10-14 05:03:30.015 PM'
}
{
  message: 'Server on 4000 running. NodeENV: development  ',
  level: 'info',
  timestamp: '2024-10-14 05:04:32.936 PM'
}
{
  message: 'Server on 4000 running. NodeENV: development  ',
  level: 'info',
  timestamp: '2024-10-14 05:04:39.921 PM'
}
{
  message: 'Server on 4000 running. NodeENV: development  ',
  level: 'info',
  timestamp: '2024-10-14 05:04:49.743 PM'
}
{
  message: 'Server on 4000 running. NodeENV: development  ',
  level: 'info',
  timestamp: '2024-10-14 05:05:36.258 PM'
}
{
  message: 'Server on 4000 running. NodeENV: development  ',
  level: 'info',
  timestamp: '2024-10-14 05:07:51.466 PM'
}
{
  message: 'Server on 4000 running. NodeENV: development  ',
  level: 'info',
  timestamp: '2024-10-14 05:08:54.696 PM'
}
{
  message: 'Server on 4000 running. NodeENV: development  ',
  level: 'info',
  timestamp: '2024-10-14 05:09:10.502 PM'
}
{
  message: 'Server on 4000 running. NodeENV: development  ',
  level: 'info',
  timestamp: '2024-10-14 05:15:23.821 PM'
}
