{
  message: 'Server on 4000 running. NodeENV: production  ',
  level: 'info',
  timestamp: '2024-10-29 08:29:49.510 AM'
}
{
  message: 'Server on 4000 running. NodeENV: production  ',
  level: 'info',
  timestamp: '2024-10-29 08:39:27.497 AM'
}
{
  message: 'Server on 4000 running. NodeENV: production  ',
  level: 'info',
  timestamp: '2024-10-29 08:40:22.396 AM'
}
{
  message: 'Server on 4000 running. NodeENV: production  ',
  level: 'info',
  timestamp: '2024-10-29 08:42:31.240 AM'
}
{
  message: 'Server on 4000 running. NodeENV: production  ',
  level: 'info',
  timestamp: '2024-10-29 08:43:54.867 AM'
}
{
  message: 'Server on 4000 running. NodeENV: production  ',
  level: 'info',
  timestamp: '2024-10-29 08:44:47.695 AM'
}
{
  message: 'Server on 4000 running. NodeENV: production  ',
  level: 'info',
  timestamp: '2024-10-29 09:12:03.583 AM'
}
{
  message: 'Server on 4000 running. NodeENV: production  ',
  level: 'info',
  timestamp: '2024-10-29 09:12:11.972 AM'
}
{
  message: 'Server on 4000 running. NodeENV: production  ',
  level: 'info',
  timestamp: '2024-10-29 09:24:55.453 AM'
}
{
  message: 'Server on 4000 running. NodeENV: production  ',
  level: 'info',
  timestamp: '2024-10-29 09:44:41.870 AM'
}
{
  message: 'Server on 4000 running. NodeENV: production  ',
  level: 'info',
  timestamp: '2024-10-29 10:02:41.621 AM'
}
{
  message: 'Server on 4000 running. NodeENV: production  ',
  level: 'info',
  timestamp: '2024-10-29 10:02:46.441 AM'
}
{
  message: 'Server on 4000 running. NodeENV: production  ',
  level: 'info',
  timestamp: '2024-10-29 10:03:06.205 AM'
}
{
  message: 'Server on 4000 running. NodeENV: production  ',
  level: 'info',
  timestamp: '2024-10-29 10:03:11.041 AM'
}
{
  message: 'Server on 4000 running. NodeENV: production  ',
  level: 'info',
  timestamp: '2024-10-29 10:07:54.489 AM'
}
{
  message: 'Server on 4000 running. NodeENV: production  ',
  level: 'info',
  timestamp: '2024-10-29 10:08:23.481 AM'
}
{
  message: 'Server on 4000 running. NodeENV: production  ',
  level: 'info',
  timestamp: '2024-10-29 10:08:30.343 AM'
}
{
  message: 'Server on 4000 running. NodeENV: production  ',
  level: 'info',
  timestamp: '2024-10-29 10:12:41.199 AM'
}
{
  message: 'Server on 4000 running. NodeENV: production  ',
  level: 'info',
  timestamp: '2024-10-29 10:12:47.496 AM'
}
{
  message: 'Server on 4000 running. NodeENV: production  ',
  level: 'info',
  timestamp: '2024-10-29 10:12:57.834 AM'
}
{
  message: 'Server on 4000 running. NodeENV: production  ',
  level: 'info',
  timestamp: '2024-10-29 10:17:17.215 AM'
}
{
  message: 'Server on 4000 running. NodeENV: production  ',
  level: 'info',
  timestamp: '2024-10-29 10:25:27.827 AM'
}
{
  message: 'Server on 4000 running. NodeENV: production  ',
  level: 'info',
  timestamp: '2024-10-29 10:25:33.786 AM'
}
{
  message: 'Server on 4000 running. NodeENV: production  ',
  level: 'info',
  timestamp: '2024-10-29 10:25:39.847 AM'
}
{
  message: 'Server on 4000 running. NodeENV: production  ',
  level: 'info',
  timestamp: '2024-10-29 10:25:46.321 AM'
}
{
  message: 'Server on 4000 running. NodeENV: production  ',
  level: 'info',
  timestamp: '2024-10-29 10:25:51.154 AM'
}
