{
  message: 'Server on 4000 running. NodeENV: development  ',
  level: 'info',
  timestamp: '2024-10-16 09:24:02.498 AM'
}
{
  message: 'Server on 4000 running. NodeENV: development  ',
  level: 'info',
  timestamp: '2024-10-16 09:31:29.070 AM'
}
{
  message: 'Server Error get all chat.',
  level: 'error',
  timestamp: '2024-10-16 09:32:45.898 AM'
}
{
  message: 'Server on 4000 running. NodeENV: development  ',
  level: 'info',
  timestamp: '2024-10-16 09:41:24.845 AM'
}
{
  message: 'Server on 4000 running. NodeENV: development  ',
  level: 'info',
  timestamp: '2024-10-16 09:41:39.853 AM'
}
{
  message: 'Server on 4000 running. NodeENV: development  ',
  level: 'info',
  timestamp: '2024-10-16 09:41:56.360 AM'
}
{
  message: 'Server on 4000 running. NodeENV: development  ',
  level: 'info',
  timestamp: '2024-10-16 09:42:12.543 AM'
}
{
  message: 'Server on 4000 running. NodeENV: development  ',
  level: 'info',
  timestamp: '2024-10-16 09:42:25.309 AM'
}
{
  message: 'Server on 4000 running. NodeENV: development  ',
  level: 'info',
  timestamp: '2024-10-16 09:42:51.056 AM'
}
{
  message: 'Server on 4000 running. NodeENV: development  ',
  level: 'info',
  timestamp: '2024-10-16 09:42:58.437 AM'
}
{
  message: 'Server on 4000 running. NodeENV: development  ',
  level: 'info',
  timestamp: '2024-10-16 09:43:10.178 AM'
}
{
  message: 'Server on 4000 running. NodeENV: development  ',
  level: 'info',
  timestamp: '2024-10-16 09:43:17.539 AM'
}
{
  message: 'Server on 4000 running. NodeENV: development  ',
  level: 'info',
  timestamp: '2024-10-16 09:43:29.772 AM'
}
{
  message: 'Server on 4000 running. NodeENV: development  ',
  level: 'info',
  timestamp: '2024-10-16 09:43:37.024 AM'
}
{
  message: 'Server on 4000 running. NodeENV: development  ',
  level: 'info',
  timestamp: '2024-10-16 09:43:41.085 AM'
}
{
  message: 'Server on 4000 running. NodeENV: development  ',
  level: 'info',
  timestamp: '2024-10-16 09:43:50.327 AM'
}
{
  message: 'Server on 4000 running. NodeENV: development  ',
  level: 'info',
  timestamp: '2024-10-16 09:43:56.431 AM'
}
{
  message: 'Server on 4000 running. NodeENV: development  ',
  level: 'info',
  timestamp: '2024-10-16 09:44:05.901 AM'
}
{
  message: 'Server on 4000 running. NodeENV: development  ',
  level: 'info',
  timestamp: '2024-10-16 09:44:13.284 AM'
}
{
  message: 'Server on 4000 running. NodeENV: development  ',
  level: 'info',
  timestamp: '2024-10-16 09:44:18.902 AM'
}
{
  message: 'Server on 4000 running. NodeENV: development  ',
  level: 'info',
  timestamp: '2024-10-16 09:44:25.035 AM'
}
{
  message: 'Server on 4000 running. NodeENV: development  ',
  level: 'info',
  timestamp: '2024-10-16 09:45:45.749 AM'
}
{
  message: 'Server on 4000 running. NodeENV: development  ',
  level: 'info',
  timestamp: '2024-10-16 09:46:02.110 AM'
}
{
  message: 'Server on 4000 running. NodeENV: development  ',
  level: 'info',
  timestamp: '2024-10-16 09:46:07.150 AM'
}
{
  message: 'Server on 4000 running. NodeENV: development  ',
  level: 'info',
  timestamp: '2024-10-16 09:46:39.307 AM'
}
{
  message: 'Server on 4000 running. NodeENV: development  ',
  level: 'info',
  timestamp: '2024-10-16 09:47:18.438 AM'
}
{
  message: 'Server on 4000 running. NodeENV: development  ',
  level: 'info',
  timestamp: '2024-10-16 09:55:25.168 AM'
}
{
  message: 'Server on 4000 running. NodeENV: development  ',
  level: 'info',
  timestamp: '2024-10-16 09:55:31.220 AM'
}
{
  message: 'Server on 4000 running. NodeENV: development  ',
  level: 'info',
  timestamp: '2024-10-16 09:55:40.863 AM'
}
{
  message: 'Server on 4000 running. NodeENV: development  ',
  level: 'info',
  timestamp: '2024-10-16 09:55:56.218 AM'
}
{
  message: 'Server on 4000 running. NodeENV: development  ',
  level: 'info',
  timestamp: '2024-10-16 09:56:03.127 AM'
}
{
  message: 'Server on 4000 running. NodeENV: development  ',
  level: 'info',
  timestamp: '2024-10-16 09:56:15.082 AM'
}
{
  message: 'Server on 4000 running. NodeENV: development  ',
  level: 'info',
  timestamp: '2024-10-16 09:56:22.296 AM'
}
{
  message: 'Server on 4000 running. NodeENV: development  ',
  level: 'info',
  timestamp: '2024-10-16 09:56:28.598 AM'
}
{
  message: 'Server on 4000 running. NodeENV: development  ',
  level: 'info',
  timestamp: '2024-10-16 09:56:33.480 AM'
}
{
  message: 'Server on 4000 running. NodeENV: development  ',
  level: 'info',
  timestamp: '2024-10-16 09:56:50.280 AM'
}
{
  message: 'Server on 4000 running. NodeENV: development  ',
  level: 'info',
  timestamp: '2024-10-16 09:56:59.126 AM'
}
{
  message: 'Server on 4000 running. NodeENV: development  ',
  level: 'info',
  timestamp: '2024-10-16 09:57:05.820 AM'
}
{
  message: 'Server on 4000 running. NodeENV: development  ',
  level: 'info',
  timestamp: '2024-10-16 09:57:09.653 AM'
}
{
  message: 'Server on 4000 running. NodeENV: development  ',
  level: 'info',
  timestamp: '2024-10-16 09:57:20.860 AM'
}
{
  message: 'Server on 4000 running. NodeENV: development  ',
  level: 'info',
  timestamp: '2024-10-16 09:57:29.565 AM'
}
{
  message: 'Server on 4000 running. NodeENV: development  ',
  level: 'info',
  timestamp: '2024-10-16 09:57:36.442 AM'
}
{
  message: 'Server on 4000 running. NodeENV: development  ',
  level: 'info',
  timestamp: '2024-10-16 09:57:41.490 AM'
}
{
  message: 'Server on 4000 running. NodeENV: development  ',
  level: 'info',
  timestamp: '2024-10-16 09:58:10.517 AM'
}
{
  message: 'Server on 4000 running. NodeENV: development  ',
  level: 'info',
  timestamp: '2024-10-16 09:58:28.355 AM'
}
{
  message: 'Server on 4000 running. NodeENV: development  ',
  level: 'info',
  timestamp: '2024-10-16 09:59:00.298 AM'
}
{
  message: 'Server on 4000 running. NodeENV: development  ',
  level: 'info',
  timestamp: '2024-10-16 10:00:23.125 AM'
}
{
  message: 'Server on 4000 running. NodeENV: development  ',
  level: 'info',
  timestamp: '2024-10-16 10:00:50.691 AM'
}
{
  message: 'Server on 4000 running. NodeENV: development  ',
  level: 'info',
  timestamp: '2024-10-16 10:27:58.062 AM'
}
{
  message: 'Server on 4000 running. NodeENV: development  ',
  level: 'info',
  timestamp: '2024-10-16 10:29:09.360 AM'
}
{
  message: 'Server on 4000 running. NodeENV: development  ',
  level: 'info',
  timestamp: '2024-10-16 10:29:14.189 AM'
}
{
  message: 'Server on 4000 running. NodeENV: development  ',
  level: 'info',
  timestamp: '2024-10-16 10:30:05.728 AM'
}
{
  message: 'Server on 4000 running. NodeENV: development  ',
  level: 'info',
  timestamp: '2024-10-16 10:30:09.308 AM'
}
{
  message: 'Server on 4000 running. NodeENV: development  ',
  level: 'info',
  timestamp: '2024-10-16 10:31:10.863 AM'
}
{
  message: 'Server on 4000 running. NodeENV: development  ',
  level: 'info',
  timestamp: '2024-10-16 10:31:18.010 AM'
}
{
  message: 'Server on 4000 running. NodeENV: development  ',
  level: 'info',
  timestamp: '2024-10-16 10:31:22.321 AM'
}
{
  message: 'Server on 4000 running. NodeENV: development  ',
  level: 'info',
  timestamp: '2024-10-16 10:32:08.271 AM'
}
{
  message: 'Server on 4000 running. NodeENV: development  ',
  level: 'info',
  timestamp: '2024-10-16 10:32:16.784 AM'
}
{
  message: 'Server on 4000 running. NodeENV: development  ',
  level: 'info',
  timestamp: '2024-10-16 10:35:34.132 AM'
}
{
  message: 'Server on 4000 running. NodeENV: development  ',
  level: 'info',
  timestamp: '2024-10-16 10:35:49.206 AM'
}
{
  message: 'Server on 4000 running. NodeENV: development  ',
  level: 'info',
  timestamp: '2024-10-16 10:35:56.111 AM'
}
{
  message: 'Server on 4000 running. NodeENV: development  ',
  level: 'info',
  timestamp: '2024-10-16 10:36:27.963 AM'
}
{
  message: 'Server on 4000 running. NodeENV: development  ',
  level: 'info',
  timestamp: '2024-10-16 10:36:43.989 AM'
}
{
  message: 'Server on 4000 running. NodeENV: development  ',
  level: 'info',
  timestamp: '2024-10-16 10:37:10.871 AM'
}
{
  message: 'Server on 4000 running. NodeENV: development  ',
  level: 'info',
  timestamp: '2024-10-16 10:38:04.910 AM'
}
{
  message: 'Server on 4000 running. NodeENV: development  ',
  level: 'info',
  timestamp: '2024-10-16 10:38:51.584 AM'
}
{
  message: 'Server on 4000 running. NodeENV: development  ',
  level: 'info',
  timestamp: '2024-10-16 10:40:00.819 AM'
}
{
  message: 'Server on 4000 running. NodeENV: development  ',
  level: 'info',
  timestamp: '2024-10-16 10:40:11.709 AM'
}
{
  message: 'Server on 4000 running. NodeENV: development  ',
  level: 'info',
  timestamp: '2024-10-16 10:40:31.724 AM'
}
{
  message: 'Server on 4000 running. NodeENV: development  ',
  level: 'info',
  timestamp: '2024-10-16 10:42:02.178 AM'
}
{
  error: TypeError: Cannot read properties of undefined (reading 'forEach')
      at D:\Projects\chat-app\backend\socket\sendAutomatedMessages.ts:7:21
      at Generator.next (<anonymous>)
      at D:\Projects\chat-app\backend\socket\sendAutomatedMessages.ts:8:71
      at new Promise (<anonymous>)
      at __awaiter (D:\Projects\chat-app\backend\socket\sendAutomatedMessages.ts:4:12)
      at Timeout.sendAutomatedMessages [as _onTimeout] (D:\Projects\chat-app\backend\socket\sendAutomatedMessages.ts:4:70)
      at listOnTimeout (node:internal/timers:573:17)
      at processTimers (node:internal/timers:514:7),
  level: 'error',
  message: "unhandledRejection: Cannot read properties of undefined (reading 'forEach')\n" +
    "TypeError: Cannot read properties of undefined (reading 'forEach')\n" +
    '    at D:\\Projects\\chat-app\\backend\\socket\\sendAutomatedMessages.ts:7:21\n' +
    '    at Generator.next (<anonymous>)\n' +
    '    at D:\\Projects\\chat-app\\backend\\socket\\sendAutomatedMessages.ts:8:71\n' +
    '    at new Promise (<anonymous>)\n' +
    '    at __awaiter (D:\\Projects\\chat-app\\backend\\socket\\sendAutomatedMessages.ts:4:12)\n' +
    '    at Timeout.sendAutomatedMessages [as _onTimeout] (D:\\Projects\\chat-app\\backend\\socket\\sendAutomatedMessages.ts:4:70)\n' +
    '    at listOnTimeout (node:internal/timers:573:17)\n' +
    '    at processTimers (node:internal/timers:514:7)',
  stack: "TypeError: Cannot read properties of undefined (reading 'forEach')\n" +
    '    at D:\\Projects\\chat-app\\backend\\socket\\sendAutomatedMessages.ts:7:21\n' +
    '    at Generator.next (<anonymous>)\n' +
    '    at D:\\Projects\\chat-app\\backend\\socket\\sendAutomatedMessages.ts:8:71\n' +
    '    at new Promise (<anonymous>)\n' +
    '    at __awaiter (D:\\Projects\\chat-app\\backend\\socket\\sendAutomatedMessages.ts:4:12)\n' +
    '    at Timeout.sendAutomatedMessages [as _onTimeout] (D:\\Projects\\chat-app\\backend\\socket\\sendAutomatedMessages.ts:4:70)\n' +
    '    at listOnTimeout (node:internal/timers:573:17)\n' +
    '    at processTimers (node:internal/timers:514:7)',
  rejection: true,
  date: 'Wed Oct 16 2024 10:42:13 GMT+0300 (Восточная Европа, летнее время)',
  process: {
    pid: 11628,
    uid: null,
    gid: null,
    cwd: 'D:\\Projects\\chat-app',
    execPath: 'C:\\Program Files\\nodejs\\node.exe',
    version: 'v20.12.2',
    argv: [
      'D:\\Projects\\chat-app\\node_modules\\ts-node\\dist\\bin.js',
      'D:\\Projects\\chat-app\\backend\\app.ts'
    ],
    memoryUsage: {
      rss: 419098624,
      heapTotal: 362536960,
      heapUsed: 324918296,
      external: 28650152,
      arrayBuffers: 24541764
    }
  },
  os: { loadavg: [ 0, 0, 0 ], uptime: 322328.953 },
  trace: [
    {
      column: 21,
      file: 'D:\\Projects\\chat-app\\backend\\socket\\sendAutomatedMessages.ts',
      function: null,
      line: 7,
      method: null,
      native: false
    },
    {
      column: null,
      file: null,
      function: 'Generator.next',
      line: null,
      method: 'next',
      native: false
    },
    {
      column: 71,
      file: 'D:\\Projects\\chat-app\\backend\\socket\\sendAutomatedMessages.ts',
      function: null,
      line: 8,
      method: null,
      native: false
    },
    {
      column: null,
      file: null,
      function: 'new Promise',
      line: null,
      method: null,
      native: false
    },
    {
      column: 12,
      file: 'D:\\Projects\\chat-app\\backend\\socket\\sendAutomatedMessages.ts',
      function: '__awaiter',
      line: 4,
      method: null,
      native: false
    },
    {
      column: 70,
      file: 'D:\\Projects\\chat-app\\backend\\socket\\sendAutomatedMessages.ts',
      function: 'Timeout.sendAutomatedMessages [as _onTimeout]',
      line: 4,
      method: 'sendAutomatedMessages [as _onTimeout]',
      native: false
    },
    {
      column: 17,
      file: 'node:internal/timers',
      function: 'listOnTimeout',
      line: 573,
      method: null,
      native: false
    },
    {
      column: 7,
      file: 'node:internal/timers',
      function: 'processTimers',
      line: 514,
      method: null,
      native: false
    }
  ],
  timestamp: '2024-10-16 10:42:13.669 AM'
}
{
  message: 'Server on 4000 running. NodeENV: development  ',
  level: 'info',
  timestamp: '2024-10-16 10:43:22.600 AM'
}
{
  message: 'Server on 4000 running. NodeENV: development  ',
  level: 'info',
  timestamp: '2024-10-16 10:43:30.244 AM'
}
{
  message: 'Server on 4000 running. NodeENV: development  ',
  level: 'info',
  timestamp: '2024-10-16 10:44:11.925 AM'
}
{
  message: 'Server on 4000 running. NodeENV: development  ',
  level: 'info',
  timestamp: '2024-10-16 10:44:20.156 AM'
}
{
  message: 'Server on 4000 running. NodeENV: development  ',
  level: 'info',
  timestamp: '2024-10-16 10:45:21.492 AM'
}
{
  message: 'Server on 4000 running. NodeENV: development  ',
  level: 'info',
  timestamp: '2024-10-16 10:45:32.988 AM'
}
{
  message: 'Server on 4000 running. NodeENV: development  ',
  level: 'info',
  timestamp: '2024-10-16 10:45:36.716 AM'
}
{
  message: 'Server on 4000 running. NodeENV: development  ',
  level: 'info',
  timestamp: '2024-10-16 10:46:12.901 AM'
}
{
  message: 'Server on 4000 running. NodeENV: development  ',
  level: 'info',
  timestamp: '2024-10-16 10:47:36.392 AM'
}
{
  message: 'Server on 4000 running. NodeENV: development  ',
  level: 'info',
  timestamp: '2024-10-16 10:48:01.670 AM'
}
{
  message: 'Server on 4000 running. NodeENV: development  ',
  level: 'info',
  timestamp: '2024-10-16 10:48:29.775 AM'
}
{
  message: 'Server on 4000 running. NodeENV: development  ',
  level: 'info',
  timestamp: '2024-10-16 10:49:05.184 AM'
}
{
  message: 'Server on 4000 running. NodeENV: development  ',
  level: 'info',
  timestamp: '2024-10-16 10:49:39.606 AM'
}
{
  message: 'Server on 4000 running. NodeENV: development  ',
  level: 'info',
  timestamp: '2024-10-16 10:50:04.834 AM'
}
{
  message: 'Server on 4000 running. NodeENV: development  ',
  level: 'info',
  timestamp: '2024-10-16 10:50:41.900 AM'
}
{
  message: 'Server on 4000 running. NodeENV: development  ',
  level: 'info',
  timestamp: '2024-10-16 10:51:13.831 AM'
}
{
  message: 'Server on 4000 running. NodeENV: development  ',
  level: 'info',
  timestamp: '2024-10-16 10:51:17.987 AM'
}
{
  message: 'Server on 4000 running. NodeENV: development  ',
  level: 'info',
  timestamp: '2024-10-16 10:51:39.596 AM'
}
{
  message: 'Server on 4000 running. NodeENV: development  ',
  level: 'info',
  timestamp: '2024-10-16 10:52:00.188 AM'
}
{
  message: 'Server on 4000 running. NodeENV: development  ',
  level: 'info',
  timestamp: '2024-10-16 10:53:08.215 AM'
}
{
  message: 'Server on 4000 running. NodeENV: development  ',
  level: 'info',
  timestamp: '2024-10-16 10:53:42.481 AM'
}
{
  message: 'Server on 4000 running. NodeENV: development  ',
  level: 'info',
  timestamp: '2024-10-16 10:54:00.392 AM'
}
{
  message: 'Server on 4000 running. NodeENV: development  ',
  level: 'info',
  timestamp: '2024-10-16 10:54:04.790 AM'
}
{
  message: 'Server on 4000 running. NodeENV: development  ',
  level: 'info',
  timestamp: '2024-10-16 10:59:12.915 AM'
}
{
  message: 'Server on 4000 running. NodeENV: development  ',
  level: 'info',
  timestamp: '2024-10-16 10:59:53.600 AM'
}
{
  message: 'Server on 4000 running. NodeENV: development  ',
  level: 'info',
  timestamp: '2024-10-16 11:00:07.326 AM'
}
{
  message: 'Server on 4000 running. NodeENV: development  ',
  level: 'info',
  timestamp: '2024-10-16 11:00:12.266 AM'
}
{
  message: 'Server on 4000 running. NodeENV: development  ',
  level: 'info',
  timestamp: '2024-10-16 11:00:16.726 AM'
}
{
  message: 'Server on 4000 running. NodeENV: development  ',
  level: 'info',
  timestamp: '2024-10-16 11:00:21.147 AM'
}
{
  message: 'Server on 4000 running. NodeENV: development  ',
  level: 'info',
  timestamp: '2024-10-16 11:00:31.585 AM'
}
{
  message: 'Server on 4000 running. NodeENV: development  ',
  level: 'info',
  timestamp: '2024-10-16 11:00:50.567 AM'
}
{
  message: 'Server on 4000 running. NodeENV: development  ',
  level: 'info',
  timestamp: '2024-10-16 11:01:00.706 AM'
}
{
  message: 'Server on 4000 running. NodeENV: development  ',
  level: 'info',
  timestamp: '2024-10-16 11:01:11.424 AM'
}
{
  message: 'Server on 4000 running. NodeENV: development  ',
  level: 'info',
  timestamp: '2024-10-16 11:02:02.106 AM'
}
{
  message: 'Server on 4000 running. NodeENV: development  ',
  level: 'info',
  timestamp: '2024-10-16 11:03:42.742 AM'
}
{
  message: 'Server on 4000 running. NodeENV: development  ',
  level: 'info',
  timestamp: '2024-10-16 11:03:53.178 AM'
}
{
  message: 'Server on 4000 running. NodeENV: development  ',
  level: 'info',
  timestamp: '2024-10-16 11:04:23.612 AM'
}
{
  message: 'Server on 4000 running. NodeENV: development  ',
  level: 'info',
  timestamp: '2024-10-16 11:05:41.418 AM'
}
{
  message: 'Server on 4000 running. NodeENV: development  ',
  level: 'info',
  timestamp: '2024-10-16 11:06:17.413 AM'
}
{
  message: 'Server on 4000 running. NodeENV: development  ',
  level: 'info',
  timestamp: '2024-10-16 11:06:44.382 AM'
}
{
  message: 'Server on 4000 running. NodeENV: development  ',
  level: 'info',
  timestamp: '2024-10-16 11:06:48.844 AM'
}
{
  message: 'Server on 4000 running. NodeENV: development  ',
  level: 'info',
  timestamp: '2024-10-16 11:09:49.285 AM'
}
{
  message: 'Server on 4000 running. NodeENV: development  ',
  level: 'info',
  timestamp: '2024-10-16 11:17:21.507 AM'
}
{
  message: 'Server on 4000 running. NodeENV: development  ',
  level: 'info',
  timestamp: '2024-10-16 11:17:25.775 AM'
}
{
  message: 'Server on 4000 running. NodeENV: development  ',
  level: 'info',
  timestamp: '2024-10-16 11:25:25.822 AM'
}
{
  message: 'Server on 4000 running. NodeENV: development  ',
  level: 'info',
  timestamp: '2024-10-16 11:25:52.848 AM'
}
{
  message: 'Server on 4000 running. NodeENV: development  ',
  level: 'info',
  timestamp: '2024-10-16 11:31:31.661 AM'
}
