{
  message: 'Server on 4000 running. NodeENV: development  ',
  level: 'info',
  timestamp: '2024-10-22 08:41:04.003 AM'
}
{
  message: 'Server on 4000 running. NodeENV: development  ',
  level: 'info',
  timestamp: '2024-10-22 08:41:18.891 AM'
}
{
  message: 'Server on 4000 running. NodeENV: development  ',
  level: 'info',
  timestamp: '2024-10-22 08:58:50.322 AM'
}
{
  message: 'Server on 4000 running. NodeENV: development  ',
  level: 'info',
  timestamp: '2024-10-22 10:43:47.684 AM'
}
{
  message: 'Server on 4000 running. NodeENV: development  ',
  level: 'info',
  timestamp: '2024-10-22 10:43:57.512 AM'
}
{
  message: 'Server on 4000 running. NodeENV: development  ',
  level: 'info',
  timestamp: '2024-10-22 10:53:10.438 AM'
}
{
  message: 'Server on 4000 running. NodeENV: development  ',
  level: 'info',
  timestamp: '2024-10-22 10:55:03.312 AM'
}
{
  message: 'Server on 4000 running. NodeENV: development  ',
  level: 'info',
  timestamp: '2024-10-22 10:58:03.618 AM'
}
{
  message: 'Server on 4000 running. NodeENV: development  ',
  level: 'info',
  timestamp: '2024-10-22 11:14:04.661 AM'
}
{
  message: 'Server on 4000 running. NodeENV: development  ',
  level: 'info',
  timestamp: '2024-10-22 11:49:49.165 AM'
}
{
  message: 'Server on 4000 running. NodeENV: development  ',
  level: 'info',
  timestamp: '2024-10-22 11:52:12.466 AM'
}
{
  message: 'Server on 4000 running. NodeENV: development  ',
  level: 'info',
  timestamp: '2024-10-22 11:52:16.673 AM'
}
{
  message: 'Server on 4000 running. NodeENV: development  ',
  level: 'info',
  timestamp: '2024-10-22 11:54:29.623 AM'
}
