{
  message: 'Server on 4000 running. NodeENV: development  ',
  level: 'info',
  timestamp: '2024-10-03 08:29:38.795 AM'
}
{
  level: 'info',
  message: 'user connected',
  timestamp: '2024-10-03 08:32:49.877 AM'
}
{
  level: 'info',
  message: 'user connected',
  timestamp: '2024-10-03 08:43:29.130 AM'
}
{
  level: 'info',
  message: 'user connected',
  timestamp: '2024-10-03 09:05:31.723 AM'
}
{
  level: 'info',
  message: 'user connected',
  timestamp: '2024-10-03 09:09:16.396 AM'
}
{
  level: 'info',
  message: 'user connected',
  timestamp: '2024-10-03 09:09:18.111 AM'
}
{
  level: 'info',
  message: 'user connected',
  timestamp: '2024-10-03 09:09:34.792 AM'
}
{
  level: 'info',
  message: 'user connected',
  timestamp: '2024-10-03 09:09:48.487 AM'
}
{
  level: 'info',
  message: 'user connected',
  timestamp: '2024-10-03 09:09:52.817 AM'
}
{
  level: 'info',
  message: 'user connected',
  timestamp: '2024-10-03 09:11:40.443 AM'
}
{
  level: 'info',
  message: 'user connected',
  timestamp: '2024-10-03 09:12:03.123 AM'
}
{
  level: 'info',
  message: 'user connected',
  timestamp: '2024-10-03 09:12:06.419 AM'
}
{
  level: 'info',
  message: 'user connected',
  timestamp: '2024-10-03 09:12:16.610 AM'
}
{
  message: 'Server on 4000 running. NodeENV: development  ',
  level: 'info',
  timestamp: '2024-10-03 10:53:53.240 AM'
}
{
  level: 'info',
  message: 'user connected',
  timestamp: '2024-10-03 11:28:47.442 AM'
}
{
  level: 'info',
  message: 'user connected',
  timestamp: '2024-10-03 12:15:03.607 PM'
}
{
  level: 'info',
  message: 'user connected',
  timestamp: '2024-10-03 01:43:05.228 PM'
}
{
  level: 'info',
  message: 'user connected',
  timestamp: '2024-10-03 01:48:02.604 PM'
}
{
  level: 'info',
  message: 'user connected',
  timestamp: '2024-10-03 02:12:23.798 PM'
}
{
  level: 'info',
  message: 'user connected',
  timestamp: '2024-10-03 02:12:43.553 PM'
}
{
  level: 'info',
  message: 'user connected',
  timestamp: '2024-10-03 02:12:58.063 PM'
}
{
  level: 'info',
  message: 'user connected',
  timestamp: '2024-10-03 02:12:59.517 PM'
}
{
  level: 'info',
  message: 'user connected',
  timestamp: '2024-10-03 02:13:50.764 PM'
}
{
  level: 'info',
  message: 'user connected',
  timestamp: '2024-10-03 02:13:53.519 PM'
}
{
  level: 'info',
  message: 'user connected',
  timestamp: '2024-10-03 02:14:02.660 PM'
}
