{
  error: Error: Cannot find module 'backend/models/UserModel'
  Require stack:
  - D:\Projects\chat-app\backend\socket\socket.ts
  - D:\Projects\chat-app\backend\controllers\messages\updateChatController.ts
  - D:\Projects\chat-app\backend\routes\chatRoute.ts
  - D:\Projects\chat-app\backend\app.ts
      at Function.Module._resolveFilename (node:internal/modules/cjs/loader:1143:15)
      at Function.Module._resolveFilename.sharedData.moduleResolveFilenameHook.installedValue [as _resolveFilename] (D:\Projects\chat-app\node_modules\@cspotcode\source-map-support\source-map-support.js:811:30)
      at Function.Module._load (node:internal/modules/cjs/loader:984:27)
      at Module.require (node:internal/modules/cjs/loader:1231:19)
      at require (node:internal/modules/helpers:179:18)
      at Object.<anonymous> (D:\Projects\chat-app\backend\socket\socket.ts:9:1)
      at Module._compile (node:internal/modules/cjs/loader:1369:14)
      at Module.m._compile (D:\Projects\chat-app\node_modules\ts-node\src\index.ts:1618:23)
      at Module._extensions..js (node:internal/modules/cjs/loader:1427:10)
      at Object.require.extensions.<computed> [as .ts] (D:\Projects\chat-app\node_modules\ts-node\src\index.ts:1621:12) {
    code: 'MODULE_NOT_FOUND',
    requireStack: [
      'D:\\Projects\\chat-app\\backend\\socket\\socket.ts',
      'D:\\Projects\\chat-app\\backend\\controllers\\messages\\updateChatController.ts',
      'D:\\Projects\\chat-app\\backend\\routes\\chatRoute.ts',
      'D:\\Projects\\chat-app\\backend\\app.ts'
    ]
  },
  level: 'error',
  message: "uncaughtException: Cannot find module 'backend/models/UserModel'\n" +
    'Require stack:\n' +
    '- D:\\Projects\\chat-app\\backend\\socket\\socket.ts\n' +
    '- D:\\Projects\\chat-app\\backend\\controllers\\messages\\updateChatController.ts\n' +
    '- D:\\Projects\\chat-app\\backend\\routes\\chatRoute.ts\n' +
    '- D:\\Projects\\chat-app\\backend\\app.ts\n' +
    "Error: Cannot find module 'backend/models/UserModel'\n" +
    'Require stack:\n' +
    '- D:\\Projects\\chat-app\\backend\\socket\\socket.ts\n' +
    '- D:\\Projects\\chat-app\\backend\\controllers\\messages\\updateChatController.ts\n' +
    '- D:\\Projects\\chat-app\\backend\\routes\\chatRoute.ts\n' +
    '- D:\\Projects\\chat-app\\backend\\app.ts\n' +
    '    at Function.Module._resolveFilename (node:internal/modules/cjs/loader:1143:15)\n' +
    '    at Function.Module._resolveFilename.sharedData.moduleResolveFilenameHook.installedValue [as _resolveFilename] (D:\\Projects\\chat-app\\node_modules\\@cspotcode\\source-map-support\\source-map-support.js:811:30)\n' +
    '    at Function.Module._load (node:internal/modules/cjs/loader:984:27)\n' +
    '    at Module.require (node:internal/modules/cjs/loader:1231:19)\n' +
    '    at require (node:internal/modules/helpers:179:18)\n' +
    '    at Object.<anonymous> (D:\\Projects\\chat-app\\backend\\socket\\socket.ts:9:1)\n' +
    '    at Module._compile (node:internal/modules/cjs/loader:1369:14)\n' +
    '    at Module.m._compile (D:\\Projects\\chat-app\\node_modules\\ts-node\\src\\index.ts:1618:23)\n' +
    '    at Module._extensions..js (node:internal/modules/cjs/loader:1427:10)\n' +
    '    at Object.require.extensions.<computed> [as .ts] (D:\\Projects\\chat-app\\node_modules\\ts-node\\src\\index.ts:1621:12)',
  stack: "Error: Cannot find module 'backend/models/UserModel'\n" +
    'Require stack:\n' +
    '- D:\\Projects\\chat-app\\backend\\socket\\socket.ts\n' +
    '- D:\\Projects\\chat-app\\backend\\controllers\\messages\\updateChatController.ts\n' +
    '- D:\\Projects\\chat-app\\backend\\routes\\chatRoute.ts\n' +
    '- D:\\Projects\\chat-app\\backend\\app.ts\n' +
    '    at Function.Module._resolveFilename (node:internal/modules/cjs/loader:1143:15)\n' +
    '    at Function.Module._resolveFilename.sharedData.moduleResolveFilenameHook.installedValue [as _resolveFilename] (D:\\Projects\\chat-app\\node_modules\\@cspotcode\\source-map-support\\source-map-support.js:811:30)\n' +
    '    at Function.Module._load (node:internal/modules/cjs/loader:984:27)\n' +
    '    at Module.require (node:internal/modules/cjs/loader:1231:19)\n' +
    '    at require (node:internal/modules/helpers:179:18)\n' +
    '    at Object.<anonymous> (D:\\Projects\\chat-app\\backend\\socket\\socket.ts:9:1)\n' +
    '    at Module._compile (node:internal/modules/cjs/loader:1369:14)\n' +
    '    at Module.m._compile (D:\\Projects\\chat-app\\node_modules\\ts-node\\src\\index.ts:1618:23)\n' +
    '    at Module._extensions..js (node:internal/modules/cjs/loader:1427:10)\n' +
    '    at Object.require.extensions.<computed> [as .ts] (D:\\Projects\\chat-app\\node_modules\\ts-node\\src\\index.ts:1621:12)',
  exception: true,
  date: 'Fri Oct 11 2024 13:25:47 GMT+0300 (Восточная Европа, летнее время)',
  process: {
    pid: 11304,
    uid: null,
    gid: null,
    cwd: 'D:\\Projects\\chat-app',
    execPath: 'C:\\Program Files\\nodejs\\node.exe',
    version: 'v20.12.2',
    argv: [
      'D:\\Projects\\chat-app\\node_modules\\ts-node\\dist\\bin.js',
      'D:\\Projects\\chat-app\\backend\\app.ts'
    ],
    memoryUsage: {
      rss: 396603392,
      heapTotal: 348049408,
      heapUsed: 314741376,
      external: 28275732,
      arrayBuffers: 24325204
    }
  },
  os: { loadavg: [ 0, 0, 0 ], uptime: 159093.671 },
  trace: [
    {
      column: 15,
      file: 'node:internal/modules/cjs/loader',
      function: 'Module._resolveFilename',
      line: 1143,
      method: '_resolveFilename',
      native: false
    },
    {
      column: 30,
      file: 'D:\\Projects\\chat-app\\node_modules\\@cspotcode\\source-map-support\\source-map-support.js',
      function: 'Module._resolveFilename.sharedData.moduleResolveFilenameHook.installedValue [as _resolveFilename]',
      line: 811,
      method: 'installedValue [as _resolveFilename]',
      native: false
    },
    {
      column: 27,
      file: 'node:internal/modules/cjs/loader',
      function: 'Module._load',
      line: 984,
      method: '_load',
      native: false
    },
    {
      column: 19,
      file: 'node:internal/modules/cjs/loader',
      function: 'Module.require',
      line: 1231,
      method: 'require',
      native: false
    },
    {
      column: 18,
      file: 'node:internal/modules/helpers',
      function: 'require',
      line: 179,
      method: null,
      native: false
    },
    {
      column: 1,
      file: 'D:\\Projects\\chat-app\\backend\\socket\\socket.ts',
      function: null,
      line: 9,
      method: null,
      native: false
    },
    {
      column: 14,
      file: 'node:internal/modules/cjs/loader',
      function: 'Module._compile',
      line: 1369,
      method: '_compile',
      native: false
    },
    {
      column: 23,
      file: 'D:\\Projects\\chat-app\\node_modules\\ts-node\\src\\index.ts',
      function: 'Module.m._compile',
      line: 1618,
      method: '_compile',
      native: false
    },
    {
      column: 10,
      file: 'node:internal/modules/cjs/loader',
      function: 'Module._extensions..js',
      line: 1427,
      method: '.js',
      native: false
    },
    {
      column: 12,
      file: 'D:\\Projects\\chat-app\\node_modules\\ts-node\\src\\index.ts',
      function: 'Object.require.extensions.<computed> [as .ts]',
      line: 1621,
      method: 'ts]',
      native: false
    }
  ],
  timestamp: '2024-10-11 01:25:47.922 PM'
}
{
  error: backend/socket/socket.ts(166,13): error TS2304: Cannot find name 'emit'.
  ,
  level: 'error',
  message: 'uncaughtException: ⨯ Unable to compile TypeScript:\n' +
    "backend/socket/socket.ts(166,13): error TS2304: Cannot find name 'emit'.\r\n" +
    '\n' +
    'TSError: ⨯ Unable to compile TypeScript:\n' +
    "backend/socket/socket.ts(166,13): error TS2304: Cannot find name 'emit'.\r\n" +
    '\n' +
    '    at createTSError (D:\\Projects\\chat-app\\node_modules\\ts-node\\src\\index.ts:859:12)\n' +
    '    at reportTSError (D:\\Projects\\chat-app\\node_modules\\ts-node\\src\\index.ts:863:19)\n' +
    '    at getOutput (D:\\Projects\\chat-app\\node_modules\\ts-node\\src\\index.ts:1077:36)\n' +
    '    at Object.compile (D:\\Projects\\chat-app\\node_modules\\ts-node\\src\\index.ts:1433:41)\n' +
    '    at Module.m._compile (D:\\Projects\\chat-app\\node_modules\\ts-node\\src\\index.ts:1617:30)\n' +
    '    at Module._extensions..js (node:internal/modules/cjs/loader:1427:10)\n' +
    '    at Object.require.extensions.<computed> [as .ts] (D:\\Projects\\chat-app\\node_modules\\ts-node\\src\\index.ts:1621:12)\n' +
    '    at Module.load (node:internal/modules/cjs/loader:1206:32)\n' +
    '    at Function.Module._load (node:internal/modules/cjs/loader:1022:12)\n' +
    '    at Module.require (node:internal/modules/cjs/loader:1231:19)',
  stack: 'TSError: ⨯ Unable to compile TypeScript:\n' +
    "backend/socket/socket.ts(166,13): error TS2304: Cannot find name 'emit'.\r\n" +
    '\n' +
    '    at createTSError (D:\\Projects\\chat-app\\node_modules\\ts-node\\src\\index.ts:859:12)\n' +
    '    at reportTSError (D:\\Projects\\chat-app\\node_modules\\ts-node\\src\\index.ts:863:19)\n' +
    '    at getOutput (D:\\Projects\\chat-app\\node_modules\\ts-node\\src\\index.ts:1077:36)\n' +
    '    at Object.compile (D:\\Projects\\chat-app\\node_modules\\ts-node\\src\\index.ts:1433:41)\n' +
    '    at Module.m._compile (D:\\Projects\\chat-app\\node_modules\\ts-node\\src\\index.ts:1617:30)\n' +
    '    at Module._extensions..js (node:internal/modules/cjs/loader:1427:10)\n' +
    '    at Object.require.extensions.<computed> [as .ts] (D:\\Projects\\chat-app\\node_modules\\ts-node\\src\\index.ts:1621:12)\n' +
    '    at Module.load (node:internal/modules/cjs/loader:1206:32)\n' +
    '    at Function.Module._load (node:internal/modules/cjs/loader:1022:12)\n' +
    '    at Module.require (node:internal/modules/cjs/loader:1231:19)',
  exception: true,
  date: 'Fri Oct 11 2024 13:31:01 GMT+0300 (Восточная Европа, летнее время)',
  process: {
    pid: 35208,
    uid: null,
    gid: null,
    cwd: 'D:\\Projects\\chat-app',
    execPath: 'C:\\Program Files\\nodejs\\node.exe',
    version: 'v20.12.2',
    argv: [
      'D:\\Projects\\chat-app\\node_modules\\ts-node\\dist\\bin.js',
      'D:\\Projects\\chat-app\\backend\\app.ts'
    ],
    memoryUsage: {
      rss: 401362944,
      heapTotal: 346214400,
      heapUsed: 310407424,
      external: 27257039,
      arrayBuffers: 24265818
    }
  },
  os: { loadavg: [ 0, 0, 0 ], uptime: 159407.656 },
  trace: [
    {
      column: 12,
      file: 'D:\\Projects\\chat-app\\node_modules\\ts-node\\src\\index.ts',
      function: 'createTSError',
      line: 859,
      method: null,
      native: false
    },
    {
      column: 19,
      file: 'D:\\Projects\\chat-app\\node_modules\\ts-node\\src\\index.ts',
      function: 'reportTSError',
      line: 863,
      method: null,
      native: false
    },
    {
      column: 36,
      file: 'D:\\Projects\\chat-app\\node_modules\\ts-node\\src\\index.ts',
      function: 'getOutput',
      line: 1077,
      method: null,
      native: false
    },
    {
      column: 41,
      file: 'D:\\Projects\\chat-app\\node_modules\\ts-node\\src\\index.ts',
      function: 'Object.compile',
      line: 1433,
      method: 'compile',
      native: false
    },
    {
      column: 30,
      file: 'D:\\Projects\\chat-app\\node_modules\\ts-node\\src\\index.ts',
      function: 'Module.m._compile',
      line: 1617,
      method: '_compile',
      native: false
    },
    {
      column: 10,
      file: 'node:internal/modules/cjs/loader',
      function: 'Module._extensions..js',
      line: 1427,
      method: '.js',
      native: false
    },
    {
      column: 12,
      file: 'D:\\Projects\\chat-app\\node_modules\\ts-node\\src\\index.ts',
      function: 'Object.require.extensions.<computed> [as .ts]',
      line: 1621,
      method: 'ts]',
      native: false
    },
    {
      column: 32,
      file: 'node:internal/modules/cjs/loader',
      function: 'Module.load',
      line: 1206,
      method: 'load',
      native: false
    },
    {
      column: 12,
      file: 'node:internal/modules/cjs/loader',
      function: 'Module._load',
      line: 1022,
      method: '_load',
      native: false
    },
    {
      column: 19,
      file: 'node:internal/modules/cjs/loader',
      function: 'Module.require',
      line: 1231,
      method: 'require',
      native: false
    }
  ],
  timestamp: '2024-10-11 01:31:01.904 PM'
}
